Start testing: Mar 10 00:42 UTC
----------------------------------------------------------
1/50 Testing: Pivot.Empty
1/50 Test: Pivot.Empty
Command: "/usr/bin/valgrind" "--tool=memcheck" "--leak-check=yes" "--trace-children=no" "--error-exitcode=113" "/home/codio/workspace/hw3/hw3_tests/llrec_tests/llrec_tests" "--gtest_filter=Pivot.Empty"
Directory: /home/codio/workspace/hw3/hw3_tests/llrec_tests
"Pivot.Empty" start time: Mar 10 00:42 UTC
Output:
----------------------------------------------------------
==1010== Memcheck, a memory error detector
==1010== Copyright (C) 2002-2017, and GNU GPL'd, by Julian Seward et al.
==1010== Using Valgrind-3.13.0 and LibVEX; rerun with -h for copyright info
==1010== Command: /home/codio/workspace/hw3/hw3_tests/llrec_tests/llrec_tests --gtest_filter=Pivot.Empty
==1010== 
Running main() from /home/codio/googletest/googletest/src/gtest_main.cc
Note: Google Test filter = Pivot.Empty
[==========] Running 1 test from 1 test suite.
[----------] Global test environment set-up.
[----------] 1 test from Pivot
[ RUN      ] Pivot.Empty
[       OK ] Pivot.Empty (22 ms)
[----------] 1 test from Pivot (33 ms total)

[----------] Global test environment tear-down
[==========] 1 test from 1 test suite ran. (94 ms total)
[  PASSED  ] 1 test.
==1010== 
==1010== HEAP SUMMARY:
==1010==     in use at exit: 0 bytes in 0 blocks
==1010==   total heap usage: 404 allocs, 404 frees, 133,083 bytes allocated
==1010== 
==1010== All heap blocks were freed -- no leaks are possible
==1010== 
==1010== For counts of detected and suppressed errors, rerun with: -v
==1010== ERROR SUMMARY: 0 errors from 0 contexts (suppressed: 0 from 0)
<end of output>
Test time =   1.73 sec
----------------------------------------------------------
Test Passed.
"Pivot.Empty" end time: Mar 10 00:42 UTC
"Pivot.Empty" time elapsed: 00:00:01
----------------------------------------------------------

2/50 Testing: Pivot.Size1SmallEmpty
2/50 Test: Pivot.Size1SmallEmpty
Command: "/usr/bin/valgrind" "--tool=memcheck" "--leak-check=yes" "--trace-children=no" "--error-exitcode=113" "/home/codio/workspace/hw3/hw3_tests/llrec_tests/llrec_tests" "--gtest_filter=Pivot.Size1SmallEmpty"
Directory: /home/codio/workspace/hw3/hw3_tests/llrec_tests
"Pivot.Size1SmallEmpty" start time: Mar 10 00:42 UTC
Output:
----------------------------------------------------------
==1011== Memcheck, a memory error detector
==1011== Copyright (C) 2002-2017, and GNU GPL'd, by Julian Seward et al.
==1011== Using Valgrind-3.13.0 and LibVEX; rerun with -h for copyright info
==1011== Command: /home/codio/workspace/hw3/hw3_tests/llrec_tests/llrec_tests --gtest_filter=Pivot.Size1SmallEmpty
==1011== 
Running main() from /home/codio/googletest/googletest/src/gtest_main.cc
Note: Google Test filter = Pivot.Size1SmallEmpty
[==========] Running 1 test from 1 test suite.
[----------] Global test environment set-up.
[----------] 1 test from Pivot
[ RUN      ] Pivot.Size1SmallEmpty
[       OK ] Pivot.Size1SmallEmpty (35 ms)
[----------] 1 test from Pivot (46 ms total)

[----------] Global test environment tear-down
[==========] 1 test from 1 test suite ran. (101 ms total)
[  PASSED  ] 1 test.
==1011== 
==1011== HEAP SUMMARY:
==1011==     in use at exit: 0 bytes in 0 blocks
==1011==   total heap usage: 413 allocs, 413 frees, 133,328 bytes allocated
==1011== 
==1011== All heap blocks were freed -- no leaks are possible
==1011== 
==1011== For counts of detected and suppressed errors, rerun with: -v
==1011== ERROR SUMMARY: 0 errors from 0 contexts (suppressed: 0 from 0)
<end of output>
Test time =   1.74 sec
----------------------------------------------------------
Test Passed.
"Pivot.Size1SmallEmpty" end time: Mar 10 00:42 UTC
"Pivot.Size1SmallEmpty" time elapsed: 00:00:01
----------------------------------------------------------

3/50 Testing: Pivot.Size1LargeEmpty
3/50 Test: Pivot.Size1LargeEmpty
Command: "/usr/bin/valgrind" "--tool=memcheck" "--leak-check=yes" "--trace-children=no" "--error-exitcode=113" "/home/codio/workspace/hw3/hw3_tests/llrec_tests/llrec_tests" "--gtest_filter=Pivot.Size1LargeEmpty"
Directory: /home/codio/workspace/hw3/hw3_tests/llrec_tests
"Pivot.Size1LargeEmpty" start time: Mar 10 00:42 UTC
Output:
----------------------------------------------------------
==1012== Memcheck, a memory error detector
==1012== Copyright (C) 2002-2017, and GNU GPL'd, by Julian Seward et al.
==1012== Using Valgrind-3.13.0 and LibVEX; rerun with -h for copyright info
==1012== Command: /home/codio/workspace/hw3/hw3_tests/llrec_tests/llrec_tests --gtest_filter=Pivot.Size1LargeEmpty
==1012== 
Running main() from /home/codio/googletest/googletest/src/gtest_main.cc
Note: Google Test filter = Pivot.Size1LargeEmpty
[==========] Running 1 test from 1 test suite.
[----------] Global test environment set-up.
[----------] 1 test from Pivot
[ RUN      ] Pivot.Size1LargeEmpty
[       OK ] Pivot.Size1LargeEmpty (36 ms)
[----------] 1 test from Pivot (47 ms total)

[----------] Global test environment tear-down
[==========] 1 test from 1 test suite ran. (111 ms total)
[  PASSED  ] 1 test.
==1012== 
==1012== HEAP SUMMARY:
==1012==     in use at exit: 0 bytes in 0 blocks
==1012==   total heap usage: 413 allocs, 413 frees, 133,328 bytes allocated
==1012== 
==1012== All heap blocks were freed -- no leaks are possible
==1012== 
==1012== For counts of detected and suppressed errors, rerun with: -v
==1012== ERROR SUMMARY: 0 errors from 0 contexts (suppressed: 0 from 0)
<end of output>
Test time =   1.70 sec
----------------------------------------------------------
Test Passed.
"Pivot.Size1LargeEmpty" end time: Mar 10 00:42 UTC
"Pivot.Size1LargeEmpty" time elapsed: 00:00:01
----------------------------------------------------------

4/50 Testing: Pivot.Size2SmallLarge
4/50 Test: Pivot.Size2SmallLarge
Command: "/usr/bin/valgrind" "--tool=memcheck" "--leak-check=yes" "--trace-children=no" "--error-exitcode=113" "/home/codio/workspace/hw3/hw3_tests/llrec_tests/llrec_tests" "--gtest_filter=Pivot.Size2SmallLarge"
Directory: /home/codio/workspace/hw3/hw3_tests/llrec_tests
"Pivot.Size2SmallLarge" start time: Mar 10 00:42 UTC
Output:
----------------------------------------------------------
==1013== Memcheck, a memory error detector
==1013== Copyright (C) 2002-2017, and GNU GPL'd, by Julian Seward et al.
==1013== Using Valgrind-3.13.0 and LibVEX; rerun with -h for copyright info
==1013== Command: /home/codio/workspace/hw3/hw3_tests/llrec_tests/llrec_tests --gtest_filter=Pivot.Size2SmallLarge
==1013== 
Running main() from /home/codio/googletest/googletest/src/gtest_main.cc
Note: Google Test filter = Pivot.Size2SmallLarge
[==========] Running 1 test from 1 test suite.
[----------] Global test environment set-up.
[----------] 1 test from Pivot
[ RUN      ] Pivot.Size2SmallLarge
[       OK ] Pivot.Size2SmallLarge (36 ms)
[----------] 1 test from Pivot (46 ms total)

[----------] Global test environment tear-down
[==========] 1 test from 1 test suite ran. (111 ms total)
[  PASSED  ] 1 test.
==1013== 
==1013== HEAP SUMMARY:
==1013==     in use at exit: 0 bytes in 0 blocks
==1013==   total heap usage: 415 allocs, 415 frees, 133,352 bytes allocated
==1013== 
==1013== All heap blocks were freed -- no leaks are possible
==1013== 
==1013== For counts of detected and suppressed errors, rerun with: -v
==1013== ERROR SUMMARY: 0 errors from 0 contexts (suppressed: 0 from 0)
<end of output>
Test time =   1.91 sec
----------------------------------------------------------
Test Passed.
"Pivot.Size2SmallLarge" end time: Mar 10 00:42 UTC
"Pivot.Size2SmallLarge" time elapsed: 00:00:01
----------------------------------------------------------

5/50 Testing: Pivot.Size2LargeSmall
5/50 Test: Pivot.Size2LargeSmall
Command: "/usr/bin/valgrind" "--tool=memcheck" "--leak-check=yes" "--trace-children=no" "--error-exitcode=113" "/home/codio/workspace/hw3/hw3_tests/llrec_tests/llrec_tests" "--gtest_filter=Pivot.Size2LargeSmall"
Directory: /home/codio/workspace/hw3/hw3_tests/llrec_tests
"Pivot.Size2LargeSmall" start time: Mar 10 00:42 UTC
Output:
----------------------------------------------------------
==1014== Memcheck, a memory error detector
==1014== Copyright (C) 2002-2017, and GNU GPL'd, by Julian Seward et al.
==1014== Using Valgrind-3.13.0 and LibVEX; rerun with -h for copyright info
==1014== Command: /home/codio/workspace/hw3/hw3_tests/llrec_tests/llrec_tests --gtest_filter=Pivot.Size2LargeSmall
==1014== 
Running main() from /home/codio/googletest/googletest/src/gtest_main.cc
Note: Google Test filter = Pivot.Size2LargeSmall
[==========] Running 1 test from 1 test suite.
[----------] Global test environment set-up.
[----------] 1 test from Pivot
[ RUN      ] Pivot.Size2LargeSmall
[       OK ] Pivot.Size2LargeSmall (44 ms)
[----------] 1 test from Pivot (57 ms total)

[----------] Global test environment tear-down
[==========] 1 test from 1 test suite ran. (121 ms total)
[  PASSED  ] 1 test.
==1014== 
==1014== HEAP SUMMARY:
==1014==     in use at exit: 0 bytes in 0 blocks
==1014==   total heap usage: 415 allocs, 415 frees, 133,352 bytes allocated
==1014== 
==1014== All heap blocks were freed -- no leaks are possible
==1014== 
==1014== For counts of detected and suppressed errors, rerun with: -v
==1014== ERROR SUMMARY: 0 errors from 0 contexts (suppressed: 0 from 0)
<end of output>
Test time =   2.03 sec
----------------------------------------------------------
Test Passed.
"Pivot.Size2LargeSmall" end time: Mar 10 00:42 UTC
"Pivot.Size2LargeSmall" time elapsed: 00:00:02
----------------------------------------------------------

6/50 Testing: Pivot.Size3LargeSmallLarge
6/50 Test: Pivot.Size3LargeSmallLarge
Command: "/usr/bin/valgrind" "--tool=memcheck" "--leak-check=yes" "--trace-children=no" "--error-exitcode=113" "/home/codio/workspace/hw3/hw3_tests/llrec_tests/llrec_tests" "--gtest_filter=Pivot.Size3LargeSmallLarge"
Directory: /home/codio/workspace/hw3/hw3_tests/llrec_tests
"Pivot.Size3LargeSmallLarge" start time: Mar 10 00:42 UTC
Output:
----------------------------------------------------------
==1015== Memcheck, a memory error detector
==1015== Copyright (C) 2002-2017, and GNU GPL'd, by Julian Seward et al.
==1015== Using Valgrind-3.13.0 and LibVEX; rerun with -h for copyright info
==1015== Command: /home/codio/workspace/hw3/hw3_tests/llrec_tests/llrec_tests --gtest_filter=Pivot.Size3LargeSmallLarge
==1015== 
Running main() from /home/codio/googletest/googletest/src/gtest_main.cc
Note: Google Test filter = Pivot.Size3LargeSmallLarge
[==========] Running 1 test from 1 test suite.
[----------] Global test environment set-up.
[----------] 1 test from Pivot
[ RUN      ] Pivot.Size3LargeSmallLarge
[       OK ] Pivot.Size3LargeSmallLarge (40 ms)
[----------] 1 test from Pivot (51 ms total)

[----------] Global test environment tear-down
[==========] 1 test from 1 test suite ran. (117 ms total)
[  PASSED  ] 1 test.
==1015== 
==1015== HEAP SUMMARY:
==1015==     in use at exit: 0 bytes in 0 blocks
==1015==   total heap usage: 416 allocs, 416 frees, 133,426 bytes allocated
==1015== 
==1015== All heap blocks were freed -- no leaks are possible
==1015== 
==1015== For counts of detected and suppressed errors, rerun with: -v
==1015== ERROR SUMMARY: 0 errors from 0 contexts (suppressed: 0 from 0)
<end of output>
Test time =   2.05 sec
----------------------------------------------------------
Test Passed.
"Pivot.Size3LargeSmallLarge" end time: Mar 10 00:42 UTC
"Pivot.Size3LargeSmallLarge" time elapsed: 00:00:02
----------------------------------------------------------

7/50 Testing: Pivot.Size3SmallLargeSmall
7/50 Test: Pivot.Size3SmallLargeSmall
Command: "/usr/bin/valgrind" "--tool=memcheck" "--leak-check=yes" "--trace-children=no" "--error-exitcode=113" "/home/codio/workspace/hw3/hw3_tests/llrec_tests/llrec_tests" "--gtest_filter=Pivot.Size3SmallLargeSmall"
Directory: /home/codio/workspace/hw3/hw3_tests/llrec_tests
"Pivot.Size3SmallLargeSmall" start time: Mar 10 00:42 UTC
Output:
----------------------------------------------------------
==1016== Memcheck, a memory error detector
==1016== Copyright (C) 2002-2017, and GNU GPL'd, by Julian Seward et al.
==1016== Using Valgrind-3.13.0 and LibVEX; rerun with -h for copyright info
==1016== Command: /home/codio/workspace/hw3/hw3_tests/llrec_tests/llrec_tests --gtest_filter=Pivot.Size3SmallLargeSmall
==1016== 
Running main() from /home/codio/googletest/googletest/src/gtest_main.cc
Note: Google Test filter = Pivot.Size3SmallLargeSmall
[==========] Running 1 test from 1 test suite.
[----------] Global test environment set-up.
[----------] 1 test from Pivot
[ RUN      ] Pivot.Size3SmallLargeSmall
[       OK ] Pivot.Size3SmallLargeSmall (36 ms)
[----------] 1 test from Pivot (48 ms total)

[----------] Global test environment tear-down
[==========] 1 test from 1 test suite ran. (110 ms total)
[  PASSED  ] 1 test.
==1016== 
==1016== HEAP SUMMARY:
==1016==     in use at exit: 0 bytes in 0 blocks
==1016==   total heap usage: 416 allocs, 416 frees, 133,426 bytes allocated
==1016== 
==1016== All heap blocks were freed -- no leaks are possible
==1016== 
==1016== For counts of detected and suppressed errors, rerun with: -v
==1016== ERROR SUMMARY: 0 errors from 0 contexts (suppressed: 0 from 0)
<end of output>
Test time =   1.71 sec
----------------------------------------------------------
Test Passed.
"Pivot.Size3SmallLargeSmall" end time: Mar 10 00:42 UTC
"Pivot.Size3SmallLargeSmall" time elapsed: 00:00:01
----------------------------------------------------------

8/50 Testing: Pivot.Size3LargeLargeSmall
8/50 Test: Pivot.Size3LargeLargeSmall
Command: "/usr/bin/valgrind" "--tool=memcheck" "--leak-check=yes" "--trace-children=no" "--error-exitcode=113" "/home/codio/workspace/hw3/hw3_tests/llrec_tests/llrec_tests" "--gtest_filter=Pivot.Size3LargeLargeSmall"
Directory: /home/codio/workspace/hw3/hw3_tests/llrec_tests
"Pivot.Size3LargeLargeSmall" start time: Mar 10 00:42 UTC
Output:
----------------------------------------------------------
==1017== Memcheck, a memory error detector
==1017== Copyright (C) 2002-2017, and GNU GPL'd, by Julian Seward et al.
==1017== Using Valgrind-3.13.0 and LibVEX; rerun with -h for copyright info
==1017== Command: /home/codio/workspace/hw3/hw3_tests/llrec_tests/llrec_tests --gtest_filter=Pivot.Size3LargeLargeSmall
==1017== 
Running main() from /home/codio/googletest/googletest/src/gtest_main.cc
Note: Google Test filter = Pivot.Size3LargeLargeSmall
[==========] Running 1 test from 1 test suite.
[----------] Global test environment set-up.
[----------] 1 test from Pivot
[ RUN      ] Pivot.Size3LargeLargeSmall
[       OK ] Pivot.Size3LargeLargeSmall (39 ms)
[----------] 1 test from Pivot (50 ms total)

[----------] Global test environment tear-down
[==========] 1 test from 1 test suite ran. (106 ms total)
[  PASSED  ] 1 test.
==1017== 
==1017== HEAP SUMMARY:
==1017==     in use at exit: 0 bytes in 0 blocks
==1017==   total heap usage: 416 allocs, 416 frees, 133,426 bytes allocated
==1017== 
==1017== All heap blocks were freed -- no leaks are possible
==1017== 
==1017== For counts of detected and suppressed errors, rerun with: -v
==1017== ERROR SUMMARY: 0 errors from 0 contexts (suppressed: 0 from 0)
<end of output>
Test time =   1.72 sec
----------------------------------------------------------
Test Passed.
"Pivot.Size3LargeLargeSmall" end time: Mar 10 00:42 UTC
"Pivot.Size3LargeLargeSmall" time elapsed: 00:00:01
----------------------------------------------------------

9/50 Testing: Pivot.Size6SmallThenLarge
9/50 Test: Pivot.Size6SmallThenLarge
Command: "/usr/bin/valgrind" "--tool=memcheck" "--leak-check=yes" "--trace-children=no" "--error-exitcode=113" "/home/codio/workspace/hw3/hw3_tests/llrec_tests/llrec_tests" "--gtest_filter=Pivot.Size6SmallThenLarge"
Directory: /home/codio/workspace/hw3/hw3_tests/llrec_tests
"Pivot.Size6SmallThenLarge" start time: Mar 10 00:42 UTC
Output:
----------------------------------------------------------
==1018== Memcheck, a memory error detector
==1018== Copyright (C) 2002-2017, and GNU GPL'd, by Julian Seward et al.
==1018== Using Valgrind-3.13.0 and LibVEX; rerun with -h for copyright info
==1018== Command: /home/codio/workspace/hw3/hw3_tests/llrec_tests/llrec_tests --gtest_filter=Pivot.Size6SmallThenLarge
==1018== 
Running main() from /home/codio/googletest/googletest/src/gtest_main.cc
Note: Google Test filter = Pivot.Size6SmallThenLarge
[==========] Running 1 test from 1 test suite.
[----------] Global test environment set-up.
[----------] 1 test from Pivot
[ RUN      ] Pivot.Size6SmallThenLarge
[       OK ] Pivot.Size6SmallThenLarge (37 ms)
[----------] 1 test from Pivot (46 ms total)

[----------] Global test environment tear-down
[==========] 1 test from 1 test suite ran. (101 ms total)
[  PASSED  ] 1 test.
==1018== 
==1018== HEAP SUMMARY:
==1018==     in use at exit: 0 bytes in 0 blocks
==1018==   total heap usage: 419 allocs, 419 frees, 133,488 bytes allocated
==1018== 
==1018== All heap blocks were freed -- no leaks are possible
==1018== 
==1018== For counts of detected and suppressed errors, rerun with: -v
==1018== ERROR SUMMARY: 0 errors from 0 contexts (suppressed: 0 from 0)
<end of output>
Test time =   1.66 sec
----------------------------------------------------------
Test Passed.
"Pivot.Size6SmallThenLarge" end time: Mar 10 00:42 UTC
"Pivot.Size6SmallThenLarge" time elapsed: 00:00:01
----------------------------------------------------------

10/50 Testing: Pivot.Size6LargeThenSmall
10/50 Test: Pivot.Size6LargeThenSmall
Command: "/usr/bin/valgrind" "--tool=memcheck" "--leak-check=yes" "--trace-children=no" "--error-exitcode=113" "/home/codio/workspace/hw3/hw3_tests/llrec_tests/llrec_tests" "--gtest_filter=Pivot.Size6LargeThenSmall"
Directory: /home/codio/workspace/hw3/hw3_tests/llrec_tests
"Pivot.Size6LargeThenSmall" start time: Mar 10 00:42 UTC
Output:
----------------------------------------------------------
==1019== Memcheck, a memory error detector
==1019== Copyright (C) 2002-2017, and GNU GPL'd, by Julian Seward et al.
==1019== Using Valgrind-3.13.0 and LibVEX; rerun with -h for copyright info
==1019== Command: /home/codio/workspace/hw3/hw3_tests/llrec_tests/llrec_tests --gtest_filter=Pivot.Size6LargeThenSmall
==1019== 
Running main() from /home/codio/googletest/googletest/src/gtest_main.cc
Note: Google Test filter = Pivot.Size6LargeThenSmall
[==========] Running 1 test from 1 test suite.
[----------] Global test environment set-up.
[----------] 1 test from Pivot
[ RUN      ] Pivot.Size6LargeThenSmall
[       OK ] Pivot.Size6LargeThenSmall (34 ms)
[----------] 1 test from Pivot (44 ms total)

[----------] Global test environment tear-down
[==========] 1 test from 1 test suite ran. (101 ms total)
[  PASSED  ] 1 test.
==1019== 
==1019== HEAP SUMMARY:
==1019==     in use at exit: 0 bytes in 0 blocks
==1019==   total heap usage: 419 allocs, 419 frees, 133,488 bytes allocated
==1019== 
==1019== All heap blocks were freed -- no leaks are possible
==1019== 
==1019== For counts of detected and suppressed errors, rerun with: -v
==1019== ERROR SUMMARY: 0 errors from 0 contexts (suppressed: 0 from 0)
<end of output>
Test time =   1.72 sec
----------------------------------------------------------
Test Passed.
"Pivot.Size6LargeThenSmall" end time: Mar 10 00:42 UTC
"Pivot.Size6LargeThenSmall" time elapsed: 00:00:01
----------------------------------------------------------

11/50 Testing: Pivot.Nominal
11/50 Test: Pivot.Nominal
Command: "/usr/bin/valgrind" "--tool=memcheck" "--leak-check=yes" "--trace-children=no" "--error-exitcode=113" "/home/codio/workspace/hw3/hw3_tests/llrec_tests/llrec_tests" "--gtest_filter=Pivot.Nominal"
Directory: /home/codio/workspace/hw3/hw3_tests/llrec_tests
"Pivot.Nominal" start time: Mar 10 00:42 UTC
Output:
----------------------------------------------------------
==1020== Memcheck, a memory error detector
==1020== Copyright (C) 2002-2017, and GNU GPL'd, by Julian Seward et al.
==1020== Using Valgrind-3.13.0 and LibVEX; rerun with -h for copyright info
==1020== Command: /home/codio/workspace/hw3/hw3_tests/llrec_tests/llrec_tests --gtest_filter=Pivot.Nominal
==1020== 
Running main() from /home/codio/googletest/googletest/src/gtest_main.cc
Note: Google Test filter = Pivot.Nominal
[==========] Running 1 test from 1 test suite.
[----------] Global test environment set-up.
[----------] 1 test from Pivot
[ RUN      ] Pivot.Nominal
[       OK ] Pivot.Nominal (35 ms)
[----------] 1 test from Pivot (46 ms total)

[----------] Global test environment tear-down
[==========] 1 test from 1 test suite ran. (106 ms total)
[  PASSED  ] 1 test.
==1020== 
==1020== HEAP SUMMARY:
==1020==     in use at exit: 0 bytes in 0 blocks
==1020==   total heap usage: 411 allocs, 411 frees, 133,189 bytes allocated
==1020== 
==1020== All heap blocks were freed -- no leaks are possible
==1020== 
==1020== For counts of detected and suppressed errors, rerun with: -v
==1020== ERROR SUMMARY: 0 errors from 0 contexts (suppressed: 0 from 0)
<end of output>
Test time =   1.66 sec
----------------------------------------------------------
Test Passed.
"Pivot.Nominal" end time: Mar 10 00:42 UTC
"Pivot.Nominal" time elapsed: 00:00:01
----------------------------------------------------------

12/50 Testing: Pivot.SameValues
12/50 Test: Pivot.SameValues
Command: "/usr/bin/valgrind" "--tool=memcheck" "--leak-check=yes" "--trace-children=no" "--error-exitcode=113" "/home/codio/workspace/hw3/hw3_tests/llrec_tests/llrec_tests" "--gtest_filter=Pivot.SameValues"
Directory: /home/codio/workspace/hw3/hw3_tests/llrec_tests
"Pivot.SameValues" start time: Mar 10 00:42 UTC
Output:
----------------------------------------------------------
==1021== Memcheck, a memory error detector
==1021== Copyright (C) 2002-2017, and GNU GPL'd, by Julian Seward et al.
==1021== Using Valgrind-3.13.0 and LibVEX; rerun with -h for copyright info
==1021== Command: /home/codio/workspace/hw3/hw3_tests/llrec_tests/llrec_tests --gtest_filter=Pivot.SameValues
==1021== 
Running main() from /home/codio/googletest/googletest/src/gtest_main.cc
Note: Google Test filter = Pivot.SameValues
[==========] Running 1 test from 1 test suite.
[----------] Global test environment set-up.
[----------] 1 test from Pivot
[ RUN      ] Pivot.SameValues
[       OK ] Pivot.SameValues (39 ms)
[----------] 1 test from Pivot (50 ms total)

[----------] Global test environment tear-down
[==========] 1 test from 1 test suite ran. (106 ms total)
[  PASSED  ] 1 test.
==1021== 
==1021== HEAP SUMMARY:
==1021==     in use at exit: 0 bytes in 0 blocks
==1021==   total heap usage: 416 allocs, 416 frees, 133,350 bytes allocated
==1021== 
==1021== All heap blocks were freed -- no leaks are possible
==1021== 
==1021== For counts of detected and suppressed errors, rerun with: -v
==1021== ERROR SUMMARY: 0 errors from 0 contexts (suppressed: 0 from 0)
<end of output>
Test time =   1.63 sec
----------------------------------------------------------
Test Passed.
"Pivot.SameValues" end time: Mar 10 00:42 UTC
"Pivot.SameValues" time elapsed: 00:00:01
----------------------------------------------------------

13/50 Testing: Pivot.NoCopySameNodeCheck
13/50 Test: Pivot.NoCopySameNodeCheck
Command: "/usr/bin/valgrind" "--tool=memcheck" "--leak-check=yes" "--trace-children=no" "--error-exitcode=113" "/home/codio/workspace/hw3/hw3_tests/llrec_tests/llrec_tests" "--gtest_filter=Pivot.NoCopySameNodeCheck"
Directory: /home/codio/workspace/hw3/hw3_tests/llrec_tests
"Pivot.NoCopySameNodeCheck" start time: Mar 10 00:42 UTC
Output:
----------------------------------------------------------
==1022== Memcheck, a memory error detector
==1022== Copyright (C) 2002-2017, and GNU GPL'd, by Julian Seward et al.
==1022== Using Valgrind-3.13.0 and LibVEX; rerun with -h for copyright info
==1022== Command: /home/codio/workspace/hw3/hw3_tests/llrec_tests/llrec_tests --gtest_filter=Pivot.NoCopySameNodeCheck
==1022== 
Running main() from /home/codio/googletest/googletest/src/gtest_main.cc
Note: Google Test filter = Pivot.NoCopySameNodeCheck
[==========] Running 1 test from 1 test suite.
[----------] Global test environment set-up.
[----------] 1 test from Pivot
[ RUN      ] Pivot.NoCopySameNodeCheck
[       OK ] Pivot.NoCopySameNodeCheck (51 ms)
[----------] 1 test from Pivot (62 ms total)

[----------] Global test environment tear-down
[==========] 1 test from 1 test suite ran. (119 ms total)
[  PASSED  ] 1 test.
==1022== 
==1022== HEAP SUMMARY:
==1022==     in use at exit: 0 bytes in 0 blocks
==1022==   total heap usage: 420 allocs, 420 frees, 133,496 bytes allocated
==1022== 
==1022== All heap blocks were freed -- no leaks are possible
==1022== 
==1022== For counts of detected and suppressed errors, rerun with: -v
==1022== ERROR SUMMARY: 0 errors from 0 contexts (suppressed: 0 from 0)
<end of output>
Test time =   1.67 sec
----------------------------------------------------------
Test Passed.
"Pivot.NoCopySameNodeCheck" end time: Mar 10 00:42 UTC
"Pivot.NoCopySameNodeCheck" time elapsed: 00:00:01
----------------------------------------------------------

14/50 Testing: Filter.EmptyList
14/50 Test: Filter.EmptyList
Command: "/usr/bin/valgrind" "--tool=memcheck" "--leak-check=yes" "--trace-children=no" "--error-exitcode=113" "/home/codio/workspace/hw3/hw3_tests/llrec_tests/llrec_tests" "--gtest_filter=Filter.EmptyList"
Directory: /home/codio/workspace/hw3/hw3_tests/llrec_tests
"Filter.EmptyList" start time: Mar 10 00:42 UTC
Output:
----------------------------------------------------------
==1023== Memcheck, a memory error detector
==1023== Copyright (C) 2002-2017, and GNU GPL'd, by Julian Seward et al.
==1023== Using Valgrind-3.13.0 and LibVEX; rerun with -h for copyright info
==1023== Command: /home/codio/workspace/hw3/hw3_tests/llrec_tests/llrec_tests --gtest_filter=Filter.EmptyList
==1023== 
Running main() from /home/codio/googletest/googletest/src/gtest_main.cc
Note: Google Test filter = Filter.EmptyList
[==========] Running 1 test from 1 test suite.
[----------] Global test environment set-up.
[----------] 1 test from Filter
[ RUN      ] Filter.EmptyList
[       OK ] Filter.EmptyList (29 ms)
[----------] 1 test from Filter (39 ms total)

[----------] Global test environment tear-down
[==========] 1 test from 1 test suite ran. (106 ms total)
[  PASSED  ] 1 test.
==1023== 
==1023== HEAP SUMMARY:
==1023==     in use at exit: 0 bytes in 0 blocks
==1023==   total heap usage: 410 allocs, 410 frees, 133,254 bytes allocated
==1023== 
==1023== All heap blocks were freed -- no leaks are possible
==1023== 
==1023== For counts of detected and suppressed errors, rerun with: -v
==1023== ERROR SUMMARY: 0 errors from 0 contexts (suppressed: 0 from 0)
<end of output>
Test time =   1.72 sec
----------------------------------------------------------
Test Passed.
"Filter.EmptyList" end time: Mar 10 00:42 UTC
"Filter.EmptyList" time elapsed: 00:00:01
----------------------------------------------------------

15/50 Testing: Filter.Size1_F
15/50 Test: Filter.Size1_F
Command: "/usr/bin/valgrind" "--tool=memcheck" "--leak-check=yes" "--trace-children=no" "--error-exitcode=113" "/home/codio/workspace/hw3/hw3_tests/llrec_tests/llrec_tests" "--gtest_filter=Filter.Size1_F"
Directory: /home/codio/workspace/hw3/hw3_tests/llrec_tests
"Filter.Size1_F" start time: Mar 10 00:42 UTC
Output:
----------------------------------------------------------
==1024== Memcheck, a memory error detector
==1024== Copyright (C) 2002-2017, and GNU GPL'd, by Julian Seward et al.
==1024== Using Valgrind-3.13.0 and LibVEX; rerun with -h for copyright info
==1024== Command: /home/codio/workspace/hw3/hw3_tests/llrec_tests/llrec_tests --gtest_filter=Filter.Size1_F
==1024== 
Running main() from /home/codio/googletest/googletest/src/gtest_main.cc
Note: Google Test filter = Filter.Size1_F
[==========] Running 1 test from 1 test suite.
[----------] Global test environment set-up.
[----------] 1 test from Filter
[ RUN      ] Filter.Size1_F
[       OK ] Filter.Size1_F (33 ms)
[----------] 1 test from Filter (45 ms total)

[----------] Global test environment tear-down
[==========] 1 test from 1 test suite ran. (107 ms total)
[  PASSED  ] 1 test.
==1024== 
==1024== HEAP SUMMARY:
==1024==     in use at exit: 0 bytes in 0 blocks
==1024==   total heap usage: 407 allocs, 407 frees, 133,122 bytes allocated
==1024== 
==1024== All heap blocks were freed -- no leaks are possible
==1024== 
==1024== For counts of detected and suppressed errors, rerun with: -v
==1024== ERROR SUMMARY: 0 errors from 0 contexts (suppressed: 0 from 0)
<end of output>
Test time =   1.81 sec
----------------------------------------------------------
Test Passed.
"Filter.Size1_F" end time: Mar 10 00:42 UTC
"Filter.Size1_F" time elapsed: 00:00:01
----------------------------------------------------------

16/50 Testing: Filter.Size1_nF
16/50 Test: Filter.Size1_nF
Command: "/usr/bin/valgrind" "--tool=memcheck" "--leak-check=yes" "--trace-children=no" "--error-exitcode=113" "/home/codio/workspace/hw3/hw3_tests/llrec_tests/llrec_tests" "--gtest_filter=Filter.Size1_nF"
Directory: /home/codio/workspace/hw3/hw3_tests/llrec_tests
"Filter.Size1_nF" start time: Mar 10 00:42 UTC
Output:
----------------------------------------------------------
==1025== Memcheck, a memory error detector
==1025== Copyright (C) 2002-2017, and GNU GPL'd, by Julian Seward et al.
==1025== Using Valgrind-3.13.0 and LibVEX; rerun with -h for copyright info
==1025== Command: /home/codio/workspace/hw3/hw3_tests/llrec_tests/llrec_tests --gtest_filter=Filter.Size1_nF
==1025== 
Running main() from /home/codio/googletest/googletest/src/gtest_main.cc
Note: Google Test filter = Filter.Size1_nF
[==========] Running 1 test from 1 test suite.
[----------] Global test environment set-up.
[----------] 1 test from Filter
[ RUN      ] Filter.Size1_nF
[       OK ] Filter.Size1_nF (38 ms)
[----------] 1 test from Filter (49 ms total)

[----------] Global test environment tear-down
[==========] 1 test from 1 test suite ran. (116 ms total)
[  PASSED  ] 1 test.
==1025== 
==1025== HEAP SUMMARY:
==1025==     in use at exit: 0 bytes in 0 blocks
==1025==   total heap usage: 408 allocs, 408 frees, 133,131 bytes allocated
==1025== 
==1025== All heap blocks were freed -- no leaks are possible
==1025== 
==1025== For counts of detected and suppressed errors, rerun with: -v
==1025== ERROR SUMMARY: 0 errors from 0 contexts (suppressed: 0 from 0)
<end of output>
Test time =   1.84 sec
----------------------------------------------------------
Test Passed.
"Filter.Size1_nF" end time: Mar 10 00:42 UTC
"Filter.Size1_nF" time elapsed: 00:00:01
----------------------------------------------------------

17/50 Testing: Filter.Size2_F_nF
17/50 Test: Filter.Size2_F_nF
Command: "/usr/bin/valgrind" "--tool=memcheck" "--leak-check=yes" "--trace-children=no" "--error-exitcode=113" "/home/codio/workspace/hw3/hw3_tests/llrec_tests/llrec_tests" "--gtest_filter=Filter.Size2_F_nF"
Directory: /home/codio/workspace/hw3/hw3_tests/llrec_tests
"Filter.Size2_F_nF" start time: Mar 10 00:42 UTC
Output:
----------------------------------------------------------
==1026== Memcheck, a memory error detector
==1026== Copyright (C) 2002-2017, and GNU GPL'd, by Julian Seward et al.
==1026== Using Valgrind-3.13.0 and LibVEX; rerun with -h for copyright info
==1026== Command: /home/codio/workspace/hw3/hw3_tests/llrec_tests/llrec_tests --gtest_filter=Filter.Size2_F_nF
==1026== 
Running main() from /home/codio/googletest/googletest/src/gtest_main.cc
Note: Google Test filter = Filter.Size2_F_nF
[==========] Running 1 test from 1 test suite.
[----------] Global test environment set-up.
[----------] 1 test from Filter
[ RUN      ] Filter.Size2_F_nF
[       OK ] Filter.Size2_F_nF (40 ms)
[----------] 1 test from Filter (52 ms total)

[----------] Global test environment tear-down
[==========] 1 test from 1 test suite ran. (116 ms total)
[  PASSED  ] 1 test.
==1026== 
==1026== HEAP SUMMARY:
==1026==     in use at exit: 0 bytes in 0 blocks
==1026==   total heap usage: 415 allocs, 415 frees, 133,316 bytes allocated
==1026== 
==1026== All heap blocks were freed -- no leaks are possible
==1026== 
==1026== For counts of detected and suppressed errors, rerun with: -v
==1026== ERROR SUMMARY: 0 errors from 0 contexts (suppressed: 0 from 0)
<end of output>
Test time =   2.02 sec
----------------------------------------------------------
Test Passed.
"Filter.Size2_F_nF" end time: Mar 10 00:42 UTC
"Filter.Size2_F_nF" time elapsed: 00:00:02
----------------------------------------------------------

18/50 Testing: Filter.Size2_nF_F
18/50 Test: Filter.Size2_nF_F
Command: "/usr/bin/valgrind" "--tool=memcheck" "--leak-check=yes" "--trace-children=no" "--error-exitcode=113" "/home/codio/workspace/hw3/hw3_tests/llrec_tests/llrec_tests" "--gtest_filter=Filter.Size2_nF_F"
Directory: /home/codio/workspace/hw3/hw3_tests/llrec_tests
"Filter.Size2_nF_F" start time: Mar 10 00:42 UTC
Output:
----------------------------------------------------------
==1027== Memcheck, a memory error detector
==1027== Copyright (C) 2002-2017, and GNU GPL'd, by Julian Seward et al.
==1027== Using Valgrind-3.13.0 and LibVEX; rerun with -h for copyright info
==1027== Command: /home/codio/workspace/hw3/hw3_tests/llrec_tests/llrec_tests --gtest_filter=Filter.Size2_nF_F
==1027== 
Running main() from /home/codio/googletest/googletest/src/gtest_main.cc
Note: Google Test filter = Filter.Size2_nF_F
[==========] Running 1 test from 1 test suite.
[----------] Global test environment set-up.
[----------] 1 test from Filter
[ RUN      ] Filter.Size2_nF_F
[       OK ] Filter.Size2_nF_F (35 ms)
[----------] 1 test from Filter (45 ms total)

[----------] Global test environment tear-down
[==========] 1 test from 1 test suite ran. (103 ms total)
[  PASSED  ] 1 test.
==1027== 
==1027== HEAP SUMMARY:
==1027==     in use at exit: 0 bytes in 0 blocks
==1027==   total heap usage: 414 allocs, 414 frees, 133,308 bytes allocated
==1027== 
==1027== All heap blocks were freed -- no leaks are possible
==1027== 
==1027== For counts of detected and suppressed errors, rerun with: -v
==1027== ERROR SUMMARY: 0 errors from 0 contexts (suppressed: 0 from 0)
<end of output>
Test time =   1.69 sec
----------------------------------------------------------
Test Passed.
"Filter.Size2_nF_F" end time: Mar 10 00:42 UTC
"Filter.Size2_nF_F" time elapsed: 00:00:01
----------------------------------------------------------

19/50 Testing: Filter.Size3_nF_F_nF
19/50 Test: Filter.Size3_nF_F_nF
Command: "/usr/bin/valgrind" "--tool=memcheck" "--leak-check=yes" "--trace-children=no" "--error-exitcode=113" "/home/codio/workspace/hw3/hw3_tests/llrec_tests/llrec_tests" "--gtest_filter=Filter.Size3_nF_F_nF"
Directory: /home/codio/workspace/hw3/hw3_tests/llrec_tests
"Filter.Size3_nF_F_nF" start time: Mar 10 00:42 UTC
Output:
----------------------------------------------------------
==1028== Memcheck, a memory error detector
==1028== Copyright (C) 2002-2017, and GNU GPL'd, by Julian Seward et al.
==1028== Using Valgrind-3.13.0 and LibVEX; rerun with -h for copyright info
==1028== Command: /home/codio/workspace/hw3/hw3_tests/llrec_tests/llrec_tests --gtest_filter=Filter.Size3_nF_F_nF
==1028== 
Running main() from /home/codio/googletest/googletest/src/gtest_main.cc
Note: Google Test filter = Filter.Size3_nF_F_nF
[==========] Running 1 test from 1 test suite.
[----------] Global test environment set-up.
[----------] 1 test from Filter
[ RUN      ] Filter.Size3_nF_F_nF
[       OK ] Filter.Size3_nF_F_nF (32 ms)
[----------] 1 test from Filter (44 ms total)

[----------] Global test environment tear-down
[==========] 1 test from 1 test suite ran. (101 ms total)
[  PASSED  ] 1 test.
==1028== 
==1028== HEAP SUMMARY:
==1028==     in use at exit: 0 bytes in 0 blocks
==1028==   total heap usage: 415 allocs, 415 frees, 133,362 bytes allocated
==1028== 
==1028== All heap blocks were freed -- no leaks are possible
==1028== 
==1028== For counts of detected and suppressed errors, rerun with: -v
==1028== ERROR SUMMARY: 0 errors from 0 contexts (suppressed: 0 from 0)
<end of output>
Test time =   1.72 sec
----------------------------------------------------------
Test Passed.
"Filter.Size3_nF_F_nF" end time: Mar 10 00:42 UTC
"Filter.Size3_nF_F_nF" time elapsed: 00:00:01
----------------------------------------------------------

20/50 Testing: Filter.Size3_F_nF_F
20/50 Test: Filter.Size3_F_nF_F
Command: "/usr/bin/valgrind" "--tool=memcheck" "--leak-check=yes" "--trace-children=no" "--error-exitcode=113" "/home/codio/workspace/hw3/hw3_tests/llrec_tests/llrec_tests" "--gtest_filter=Filter.Size3_F_nF_F"
Directory: /home/codio/workspace/hw3/hw3_tests/llrec_tests
"Filter.Size3_F_nF_F" start time: Mar 10 00:42 UTC
Output:
----------------------------------------------------------
==1029== Memcheck, a memory error detector
==1029== Copyright (C) 2002-2017, and GNU GPL'd, by Julian Seward et al.
==1029== Using Valgrind-3.13.0 and LibVEX; rerun with -h for copyright info
==1029== Command: /home/codio/workspace/hw3/hw3_tests/llrec_tests/llrec_tests --gtest_filter=Filter.Size3_F_nF_F
==1029== 
Running main() from /home/codio/googletest/googletest/src/gtest_main.cc
Note: Google Test filter = Filter.Size3_F_nF_F
[==========] Running 1 test from 1 test suite.
[----------] Global test environment set-up.
[----------] 1 test from Filter
[ RUN      ] Filter.Size3_F_nF_F
[       OK ] Filter.Size3_F_nF_F (33 ms)
[----------] 1 test from Filter (44 ms total)

[----------] Global test environment tear-down
[==========] 1 test from 1 test suite ran. (101 ms total)
[  PASSED  ] 1 test.
==1029== 
==1029== HEAP SUMMARY:
==1029==     in use at exit: 0 bytes in 0 blocks
==1029==   total heap usage: 415 allocs, 415 frees, 133,348 bytes allocated
==1029== 
==1029== All heap blocks were freed -- no leaks are possible
==1029== 
==1029== For counts of detected and suppressed errors, rerun with: -v
==1029== ERROR SUMMARY: 0 errors from 0 contexts (suppressed: 0 from 0)
<end of output>
Test time =   1.68 sec
----------------------------------------------------------
Test Passed.
"Filter.Size3_F_nF_F" end time: Mar 10 00:42 UTC
"Filter.Size3_F_nF_F" time elapsed: 00:00:01
----------------------------------------------------------

21/50 Testing: Filter.SameNodeCheck
21/50 Test: Filter.SameNodeCheck
Command: "/usr/bin/valgrind" "--tool=memcheck" "--leak-check=yes" "--trace-children=no" "--error-exitcode=113" "/home/codio/workspace/hw3/hw3_tests/llrec_tests/llrec_tests" "--gtest_filter=Filter.SameNodeCheck"
Directory: /home/codio/workspace/hw3/hw3_tests/llrec_tests
"Filter.SameNodeCheck" start time: Mar 10 00:42 UTC
Output:
----------------------------------------------------------
==1030== Memcheck, a memory error detector
==1030== Copyright (C) 2002-2017, and GNU GPL'd, by Julian Seward et al.
==1030== Using Valgrind-3.13.0 and LibVEX; rerun with -h for copyright info
==1030== Command: /home/codio/workspace/hw3/hw3_tests/llrec_tests/llrec_tests --gtest_filter=Filter.SameNodeCheck
==1030== 
Running main() from /home/codio/googletest/googletest/src/gtest_main.cc
Note: Google Test filter = Filter.SameNodeCheck
[==========] Running 1 test from 1 test suite.
[----------] Global test environment set-up.
[----------] 1 test from Filter
[ RUN      ] Filter.SameNodeCheck
[       OK ] Filter.SameNodeCheck (51 ms)
[----------] 1 test from Filter (61 ms total)

[----------] Global test environment tear-down
[==========] 1 test from 1 test suite ran. (118 ms total)
[  PASSED  ] 1 test.
==1030== 
==1030== HEAP SUMMARY:
==1030==     in use at exit: 0 bytes in 0 blocks
==1030==   total heap usage: 420 allocs, 420 frees, 133,458 bytes allocated
==1030== 
==1030== All heap blocks were freed -- no leaks are possible
==1030== 
==1030== For counts of detected and suppressed errors, rerun with: -v
==1030== ERROR SUMMARY: 0 errors from 0 contexts (suppressed: 0 from 0)
<end of output>
Test time =   1.71 sec
----------------------------------------------------------
Test Passed.
"Filter.SameNodeCheck" end time: Mar 10 00:42 UTC
"Filter.SameNodeCheck" time elapsed: 00:00:01
----------------------------------------------------------

22/50 Testing: Filter.MultipleCalls
22/50 Test: Filter.MultipleCalls
Command: "/usr/bin/valgrind" "--tool=memcheck" "--leak-check=yes" "--trace-children=no" "--error-exitcode=113" "/home/codio/workspace/hw3/hw3_tests/llrec_tests/llrec_tests" "--gtest_filter=Filter.MultipleCalls"
Directory: /home/codio/workspace/hw3/hw3_tests/llrec_tests
"Filter.MultipleCalls" start time: Mar 10 00:42 UTC
Output:
----------------------------------------------------------
==1031== Memcheck, a memory error detector
==1031== Copyright (C) 2002-2017, and GNU GPL'd, by Julian Seward et al.
==1031== Using Valgrind-3.13.0 and LibVEX; rerun with -h for copyright info
==1031== Command: /home/codio/workspace/hw3/hw3_tests/llrec_tests/llrec_tests --gtest_filter=Filter.MultipleCalls
==1031== 
Running main() from /home/codio/googletest/googletest/src/gtest_main.cc
Note: Google Test filter = Filter.MultipleCalls
[==========] Running 1 test from 1 test suite.
[----------] Global test environment set-up.
[----------] 1 test from Filter
[ RUN      ] Filter.MultipleCalls
[       OK ] Filter.MultipleCalls (35 ms)
[----------] 1 test from Filter (45 ms total)

[----------] Global test environment tear-down
[==========] 1 test from 1 test suite ran. (98 ms total)
[  PASSED  ] 1 test.
==1031== 
==1031== HEAP SUMMARY:
==1031==     in use at exit: 0 bytes in 0 blocks
==1031==   total heap usage: 420 allocs, 420 frees, 133,458 bytes allocated
==1031== 
==1031== All heap blocks were freed -- no leaks are possible
==1031== 
==1031== For counts of detected and suppressed errors, rerun with: -v
==1031== ERROR SUMMARY: 0 errors from 0 contexts (suppressed: 0 from 0)
<end of output>
Test time =   1.68 sec
----------------------------------------------------------
Test Passed.
"Filter.MultipleCalls" end time: Mar 10 00:42 UTC
"Filter.MultipleCalls" time elapsed: 00:00:01
----------------------------------------------------------

23/50 Testing: Filter.CompareWithLlrec
23/50 Test: Filter.CompareWithLlrec
Command: "/usr/bin/valgrind" "--tool=memcheck" "--leak-check=yes" "--trace-children=no" "--error-exitcode=113" "/home/codio/workspace/hw3/hw3_tests/llrec_tests/llrec_tests" "--gtest_filter=Filter.CompareWithLlrec"
Directory: /home/codio/workspace/hw3/hw3_tests/llrec_tests
"Filter.CompareWithLlrec" start time: Mar 10 00:42 UTC
Output:
----------------------------------------------------------
==1032== Memcheck, a memory error detector
==1032== Copyright (C) 2002-2017, and GNU GPL'd, by Julian Seward et al.
==1032== Using Valgrind-3.13.0 and LibVEX; rerun with -h for copyright info
==1032== Command: /home/codio/workspace/hw3/hw3_tests/llrec_tests/llrec_tests --gtest_filter=Filter.CompareWithLlrec
==1032== 
Running main() from /home/codio/googletest/googletest/src/gtest_main.cc
Note: Google Test filter = Filter.CompareWithLlrec
[==========] Running 1 test from 1 test suite.
[----------] Global test environment set-up.
[----------] 1 test from Filter
[ RUN      ] Filter.CompareWithLlrec
[       OK ] Filter.CompareWithLlrec (47 ms)
[----------] 1 test from Filter (58 ms total)

[----------] Global test environment tear-down
[==========] 1 test from 1 test suite ran. (119 ms total)
[  PASSED  ] 1 test.
==1032== 
==1032== HEAP SUMMARY:
==1032==     in use at exit: 0 bytes in 0 blocks
==1032==   total heap usage: 430 allocs, 430 frees, 133,612 bytes allocated
==1032== 
==1032== All heap blocks were freed -- no leaks are possible
==1032== 
==1032== For counts of detected and suppressed errors, rerun with: -v
==1032== ERROR SUMMARY: 0 errors from 0 contexts (suppressed: 0 from 0)
<end of output>
Test time =   1.71 sec
----------------------------------------------------------
Test Passed.
"Filter.CompareWithLlrec" end time: Mar 10 00:42 UTC
"Filter.CompareWithLlrec" time elapsed: 00:00:01
----------------------------------------------------------

24/50 Testing: Stack.BasicString
24/50 Test: Stack.BasicString
Command: "/usr/bin/valgrind" "--tool=memcheck" "--leak-check=yes" "--trace-children=no" "--error-exitcode=113" "/home/codio/workspace/hw3/hw3_tests/stack_tests/stack_tests" "--gtest_filter=Stack.BasicString"
Directory: /home/codio/workspace/hw3/hw3_tests/stack_tests
"Stack.BasicString" start time: Mar 10 00:42 UTC
Output:
----------------------------------------------------------
==1033== Memcheck, a memory error detector
==1033== Copyright (C) 2002-2017, and GNU GPL'd, by Julian Seward et al.
==1033== Using Valgrind-3.13.0 and LibVEX; rerun with -h for copyright info
==1033== Command: /home/codio/workspace/hw3/hw3_tests/stack_tests/stack_tests --gtest_filter=Stack.BasicString
==1033== 
Running main() from /home/codio/googletest/googletest/src/gtest_main.cc
Note: Google Test filter = Stack.BasicString
[==========] Running 1 test from 1 test suite.
[----------] Global test environment set-up.
[----------] 1 test from Stack
[ RUN      ] Stack.BasicString
[       OK ] Stack.BasicString (100 ms)
[----------] 1 test from Stack (112 ms total)

[----------] Global test environment tear-down
[==========] 1 test from 1 test suite ran. (168 ms total)
[  PASSED  ] 1 test.
==1033== 
==1033== HEAP SUMMARY:
==1033==     in use at exit: 0 bytes in 0 blocks
==1033==   total heap usage: 230 allocs, 230 frees, 120,616 bytes allocated
==1033== 
==1033== All heap blocks were freed -- no leaks are possible
==1033== 
==1033== For counts of detected and suppressed errors, rerun with: -v
==1033== ERROR SUMMARY: 0 errors from 0 contexts (suppressed: 0 from 0)
<end of output>
Test time =   1.69 sec
----------------------------------------------------------
Test Passed.
"Stack.BasicString" end time: Mar 10 00:42 UTC
"Stack.BasicString" time elapsed: 00:00:01
----------------------------------------------------------

25/50 Testing: Stack.RandomInt
25/50 Test: Stack.RandomInt
Command: "/usr/bin/valgrind" "--tool=memcheck" "--leak-check=yes" "--trace-children=no" "--error-exitcode=113" "/home/codio/workspace/hw3/hw3_tests/stack_tests/stack_tests" "--gtest_filter=Stack.RandomInt"
Directory: /home/codio/workspace/hw3/hw3_tests/stack_tests
"Stack.RandomInt" start time: Mar 10 00:42 UTC
Output:
----------------------------------------------------------
==1034== Memcheck, a memory error detector
==1034== Copyright (C) 2002-2017, and GNU GPL'd, by Julian Seward et al.
==1034== Using Valgrind-3.13.0 and LibVEX; rerun with -h for copyright info
==1034== Command: /home/codio/workspace/hw3/hw3_tests/stack_tests/stack_tests --gtest_filter=Stack.RandomInt
==1034== 
Running main() from /home/codio/googletest/googletest/src/gtest_main.cc
Note: Google Test filter = Stack.RandomInt
[==========] Running 1 test from 1 test suite.
[----------] Global test environment set-up.
[----------] 1 test from Stack
[ RUN      ] Stack.RandomInt
[       OK ] Stack.RandomInt (1954 ms)
[----------] 1 test from Stack (1965 ms total)

[----------] Global test environment tear-down
[==========] 1 test from 1 test suite ran. (2023 ms total)
[  PASSED  ] 1 test.
==1034== 
==1034== HEAP SUMMARY:
==1034==     in use at exit: 0 bytes in 0 blocks
==1034==   total heap usage: 21,262 allocs, 21,262 frees, 1,081,433 bytes allocated
==1034== 
==1034== All heap blocks were freed -- no leaks are possible
==1034== 
==1034== For counts of detected and suppressed errors, rerun with: -v
==1034== ERROR SUMMARY: 0 errors from 0 contexts (suppressed: 0 from 0)
<end of output>
Test time =   3.63 sec
----------------------------------------------------------
Test Passed.
"Stack.RandomInt" end time: Mar 10 00:42 UTC
"Stack.RandomInt" time elapsed: 00:00:03
----------------------------------------------------------

26/50 Testing: HeapTest.ConstructionDestruction
26/50 Test: HeapTest.ConstructionDestruction
Command: "/usr/bin/valgrind" "--tool=memcheck" "--leak-check=yes" "--trace-children=no" "--error-exitcode=113" "/home/codio/workspace/hw3/hw3_tests/heap_tests/heap_tests" "--gtest_filter=HeapTest.ConstructionDestruction"
Directory: /home/codio/workspace/hw3/hw3_tests/heap_tests
"HeapTest.ConstructionDestruction" start time: Mar 10 00:42 UTC
Output:
----------------------------------------------------------
==1035== Memcheck, a memory error detector
==1035== Copyright (C) 2002-2017, and GNU GPL'd, by Julian Seward et al.
==1035== Using Valgrind-3.13.0 and LibVEX; rerun with -h for copyright info
==1035== Command: /home/codio/workspace/hw3/hw3_tests/heap_tests/heap_tests --gtest_filter=HeapTest.ConstructionDestruction
==1035== 
Running main() from /home/codio/googletest/googletest/src/gtest_main.cc
Note: Google Test filter = HeapTest.ConstructionDestruction
[==========] Running 1 test from 1 test suite.
[----------] Global test environment set-up.
[----------] 1 test from HeapTest
[ RUN      ] HeapTest.ConstructionDestruction
[       OK ] HeapTest.ConstructionDestruction (19 ms)
[----------] 1 test from HeapTest (29 ms total)

[----------] Global test environment tear-down
[==========] 1 test from 1 test suite ran. (86 ms total)
[  PASSED  ] 1 test.
==1035== 
==1035== HEAP SUMMARY:
==1035==     in use at exit: 0 bytes in 0 blocks
==1035==   total heap usage: 468 allocs, 468 frees, 135,793 bytes allocated
==1035== 
==1035== All heap blocks were freed -- no leaks are possible
==1035== 
==1035== For counts of detected and suppressed errors, rerun with: -v
==1035== ERROR SUMMARY: 0 errors from 0 contexts (suppressed: 0 from 0)
<end of output>
Test time =   1.66 sec
----------------------------------------------------------
Test Passed.
"HeapTest.ConstructionDestruction" end time: Mar 10 00:42 UTC
"HeapTest.ConstructionDestruction" time elapsed: 00:00:01
----------------------------------------------------------

27/50 Testing: HeapTest.InitiallyEmpty
27/50 Test: HeapTest.InitiallyEmpty
Command: "/usr/bin/valgrind" "--tool=memcheck" "--leak-check=yes" "--trace-children=no" "--error-exitcode=113" "/home/codio/workspace/hw3/hw3_tests/heap_tests/heap_tests" "--gtest_filter=HeapTest.InitiallyEmpty"
Directory: /home/codio/workspace/hw3/hw3_tests/heap_tests
"HeapTest.InitiallyEmpty" start time: Mar 10 00:42 UTC
Output:
----------------------------------------------------------
==1036== Memcheck, a memory error detector
==1036== Copyright (C) 2002-2017, and GNU GPL'd, by Julian Seward et al.
==1036== Using Valgrind-3.13.0 and LibVEX; rerun with -h for copyright info
==1036== Command: /home/codio/workspace/hw3/hw3_tests/heap_tests/heap_tests --gtest_filter=HeapTest.InitiallyEmpty
==1036== 
Running main() from /home/codio/googletest/googletest/src/gtest_main.cc
Note: Google Test filter = HeapTest.InitiallyEmpty
[==========] Running 1 test from 1 test suite.
[----------] Global test environment set-up.
[----------] 1 test from HeapTest
[ RUN      ] HeapTest.InitiallyEmpty
[       OK ] HeapTest.InitiallyEmpty (21 ms)
[----------] 1 test from HeapTest (32 ms total)

[----------] Global test environment tear-down
[==========] 1 test from 1 test suite ran. (92 ms total)
[  PASSED  ] 1 test.
==1036== 
==1036== HEAP SUMMARY:
==1036==     in use at exit: 0 bytes in 0 blocks
==1036==   total heap usage: 468 allocs, 468 frees, 135,697 bytes allocated
==1036== 
==1036== All heap blocks were freed -- no leaks are possible
==1036== 
==1036== For counts of detected and suppressed errors, rerun with: -v
==1036== ERROR SUMMARY: 0 errors from 0 contexts (suppressed: 0 from 0)
<end of output>
Test time =   1.68 sec
----------------------------------------------------------
Test Passed.
"HeapTest.InitiallyEmpty" end time: Mar 10 00:42 UTC
"HeapTest.InitiallyEmpty" time elapsed: 00:00:01
----------------------------------------------------------

28/50 Testing: HeapTest.EmptyTopException
28/50 Test: HeapTest.EmptyTopException
Command: "/usr/bin/valgrind" "--tool=memcheck" "--leak-check=yes" "--trace-children=no" "--error-exitcode=113" "/home/codio/workspace/hw3/hw3_tests/heap_tests/heap_tests" "--gtest_filter=HeapTest.EmptyTopException"
Directory: /home/codio/workspace/hw3/hw3_tests/heap_tests
"HeapTest.EmptyTopException" start time: Mar 10 00:42 UTC
Output:
----------------------------------------------------------
==1037== Memcheck, a memory error detector
==1037== Copyright (C) 2002-2017, and GNU GPL'd, by Julian Seward et al.
==1037== Using Valgrind-3.13.0 and LibVEX; rerun with -h for copyright info
==1037== Command: /home/codio/workspace/hw3/hw3_tests/heap_tests/heap_tests --gtest_filter=HeapTest.EmptyTopException
==1037== 
Running main() from /home/codio/googletest/googletest/src/gtest_main.cc
Note: Google Test filter = HeapTest.EmptyTopException
[==========] Running 1 test from 1 test suite.
[----------] Global test environment set-up.
[----------] 1 test from HeapTest
[ RUN      ] HeapTest.EmptyTopException
[       OK ] HeapTest.EmptyTopException (65 ms)
[----------] 1 test from HeapTest (76 ms total)

[----------] Global test environment tear-down
[==========] 1 test from 1 test suite ran. (134 ms total)
[  PASSED  ] 1 test.
==1037== 
==1037== HEAP SUMMARY:
==1037==     in use at exit: 0 bytes in 0 blocks
==1037==   total heap usage: 470 allocs, 470 frees, 135,917 bytes allocated
==1037== 
==1037== All heap blocks were freed -- no leaks are possible
==1037== 
==1037== For counts of detected and suppressed errors, rerun with: -v
==1037== ERROR SUMMARY: 0 errors from 0 contexts (suppressed: 0 from 0)
<end of output>
Test time =   1.78 sec
----------------------------------------------------------
Test Passed.
"HeapTest.EmptyTopException" end time: Mar 10 00:42 UTC
"HeapTest.EmptyTopException" time elapsed: 00:00:01
----------------------------------------------------------

29/50 Testing: HeapTest.EmptyPopException
29/50 Test: HeapTest.EmptyPopException
Command: "/usr/bin/valgrind" "--tool=memcheck" "--leak-check=yes" "--trace-children=no" "--error-exitcode=113" "/home/codio/workspace/hw3/hw3_tests/heap_tests/heap_tests" "--gtest_filter=HeapTest.EmptyPopException"
Directory: /home/codio/workspace/hw3/hw3_tests/heap_tests
"HeapTest.EmptyPopException" start time: Mar 10 00:42 UTC
Output:
----------------------------------------------------------
==1038== Memcheck, a memory error detector
==1038== Copyright (C) 2002-2017, and GNU GPL'd, by Julian Seward et al.
==1038== Using Valgrind-3.13.0 and LibVEX; rerun with -h for copyright info
==1038== Command: /home/codio/workspace/hw3/hw3_tests/heap_tests/heap_tests --gtest_filter=HeapTest.EmptyPopException
==1038== 
Running main() from /home/codio/googletest/googletest/src/gtest_main.cc
Note: Google Test filter = HeapTest.EmptyPopException
[==========] Running 1 test from 1 test suite.
[----------] Global test environment set-up.
[----------] 1 test from HeapTest
[ RUN      ] HeapTest.EmptyPopException
[       OK ] HeapTest.EmptyPopException (68 ms)
[----------] 1 test from HeapTest (80 ms total)

[----------] Global test environment tear-down
[==========] 1 test from 1 test suite ran. (139 ms total)
[  PASSED  ] 1 test.
==1038== 
==1038== HEAP SUMMARY:
==1038==     in use at exit: 0 bytes in 0 blocks
==1038==   total heap usage: 470 allocs, 470 frees, 135,917 bytes allocated
==1038== 
==1038== All heap blocks were freed -- no leaks are possible
==1038== 
==1038== For counts of detected and suppressed errors, rerun with: -v
==1038== ERROR SUMMARY: 0 errors from 0 contexts (suppressed: 0 from 0)
<end of output>
Test time =   1.74 sec
----------------------------------------------------------
Test Passed.
"HeapTest.EmptyPopException" end time: Mar 10 00:42 UTC
"HeapTest.EmptyPopException" time elapsed: 00:00:01
----------------------------------------------------------

30/50 Testing: HeapTest.SingleItemNonempty
30/50 Test: HeapTest.SingleItemNonempty
Command: "/usr/bin/valgrind" "--tool=memcheck" "--leak-check=yes" "--trace-children=no" "--error-exitcode=113" "/home/codio/workspace/hw3/hw3_tests/heap_tests/heap_tests" "--gtest_filter=HeapTest.SingleItemNonempty"
Directory: /home/codio/workspace/hw3/hw3_tests/heap_tests
"HeapTest.SingleItemNonempty" start time: Mar 10 00:42 UTC
Output:
----------------------------------------------------------
==1039== Memcheck, a memory error detector
==1039== Copyright (C) 2002-2017, and GNU GPL'd, by Julian Seward et al.
==1039== Using Valgrind-3.13.0 and LibVEX; rerun with -h for copyright info
==1039== Command: /home/codio/workspace/hw3/hw3_tests/heap_tests/heap_tests --gtest_filter=HeapTest.SingleItemNonempty
==1039== 
Running main() from /home/codio/googletest/googletest/src/gtest_main.cc
Note: Google Test filter = HeapTest.SingleItemNonempty
[==========] Running 1 test from 1 test suite.
[----------] Global test environment set-up.
[----------] 1 test from HeapTest
[ RUN      ] HeapTest.SingleItemNonempty
[       OK ] HeapTest.SingleItemNonempty (28 ms)
[----------] 1 test from HeapTest (38 ms total)

[----------] Global test environment tear-down
[==========] 1 test from 1 test suite ran. (99 ms total)
[  PASSED  ] 1 test.
==1039== 
==1039== HEAP SUMMARY:
==1039==     in use at exit: 0 bytes in 0 blocks
==1039==   total heap usage: 469 allocs, 469 frees, 135,741 bytes allocated
==1039== 
==1039== All heap blocks were freed -- no leaks are possible
==1039== 
==1039== For counts of detected and suppressed errors, rerun with: -v
==1039== ERROR SUMMARY: 0 errors from 0 contexts (suppressed: 0 from 0)
<end of output>
Test time =   1.87 sec
----------------------------------------------------------
Test Passed.
"HeapTest.SingleItemNonempty" end time: Mar 10 00:43 UTC
"HeapTest.SingleItemNonempty" time elapsed: 00:00:01
----------------------------------------------------------

31/50 Testing: HeapTest.SingleItemPush
31/50 Test: HeapTest.SingleItemPush
Command: "/usr/bin/valgrind" "--tool=memcheck" "--leak-check=yes" "--trace-children=no" "--error-exitcode=113" "/home/codio/workspace/hw3/hw3_tests/heap_tests/heap_tests" "--gtest_filter=HeapTest.SingleItemPush"
Directory: /home/codio/workspace/hw3/hw3_tests/heap_tests
"HeapTest.SingleItemPush" start time: Mar 10 00:43 UTC
Output:
----------------------------------------------------------
==1040== Memcheck, a memory error detector
==1040== Copyright (C) 2002-2017, and GNU GPL'd, by Julian Seward et al.
==1040== Using Valgrind-3.13.0 and LibVEX; rerun with -h for copyright info
==1040== Command: /home/codio/workspace/hw3/hw3_tests/heap_tests/heap_tests --gtest_filter=HeapTest.SingleItemPush
==1040== 
Running main() from /home/codio/googletest/googletest/src/gtest_main.cc
Note: Google Test filter = HeapTest.SingleItemPush
[==========] Running 1 test from 1 test suite.
[----------] Global test environment set-up.
[----------] 1 test from HeapTest
[ RUN      ] HeapTest.SingleItemPush
[       OK ] HeapTest.SingleItemPush (45 ms)
[----------] 1 test from HeapTest (61 ms total)

[----------] Global test environment tear-down
[==========] 1 test from 1 test suite ran. (144 ms total)
[  PASSED  ] 1 test.
==1040== 
==1040== HEAP SUMMARY:
==1040==     in use at exit: 0 bytes in 0 blocks
==1040==   total heap usage: 469 allocs, 469 frees, 135,701 bytes allocated
==1040== 
==1040== All heap blocks were freed -- no leaks are possible
==1040== 
==1040== For counts of detected and suppressed errors, rerun with: -v
==1040== ERROR SUMMARY: 0 errors from 0 contexts (suppressed: 0 from 0)
<end of output>
Test time =   2.08 sec
----------------------------------------------------------
Test Passed.
"HeapTest.SingleItemPush" end time: Mar 10 00:43 UTC
"HeapTest.SingleItemPush" time elapsed: 00:00:02
----------------------------------------------------------

32/50 Testing: HeapTest.SingleItemPushPop
32/50 Test: HeapTest.SingleItemPushPop
Command: "/usr/bin/valgrind" "--tool=memcheck" "--leak-check=yes" "--trace-children=no" "--error-exitcode=113" "/home/codio/workspace/hw3/hw3_tests/heap_tests/heap_tests" "--gtest_filter=HeapTest.SingleItemPushPop"
Directory: /home/codio/workspace/hw3/hw3_tests/heap_tests
"HeapTest.SingleItemPushPop" start time: Mar 10 00:43 UTC
Output:
----------------------------------------------------------
==1041== Memcheck, a memory error detector
==1041== Copyright (C) 2002-2017, and GNU GPL'd, by Julian Seward et al.
==1041== Using Valgrind-3.13.0 and LibVEX; rerun with -h for copyright info
==1041== Command: /home/codio/workspace/hw3/hw3_tests/heap_tests/heap_tests --gtest_filter=HeapTest.SingleItemPushPop
==1041== 
Running main() from /home/codio/googletest/googletest/src/gtest_main.cc
Note: Google Test filter = HeapTest.SingleItemPushPop
[==========] Running 1 test from 1 test suite.
[----------] Global test environment set-up.
[----------] 1 test from HeapTest
[ RUN      ] HeapTest.SingleItemPushPop
[       OK ] HeapTest.SingleItemPushPop (30 ms)
[----------] 1 test from HeapTest (40 ms total)

[----------] Global test environment tear-down
[==========] 1 test from 1 test suite ran. (96 ms total)
[  PASSED  ] 1 test.
==1041== 
==1041== HEAP SUMMARY:
==1041==     in use at exit: 0 bytes in 0 blocks
==1041==   total heap usage: 469 allocs, 469 frees, 135,731 bytes allocated
==1041== 
==1041== All heap blocks were freed -- no leaks are possible
==1041== 
==1041== For counts of detected and suppressed errors, rerun with: -v
==1041== ERROR SUMMARY: 0 errors from 0 contexts (suppressed: 0 from 0)
<end of output>
Test time =   1.72 sec
----------------------------------------------------------
Test Passed.
"HeapTest.SingleItemPushPop" end time: Mar 10 00:43 UTC
"HeapTest.SingleItemPushPop" time elapsed: 00:00:01
----------------------------------------------------------

33/50 Testing: HeapTest.TwoElementPush_LowPriFirst
33/50 Test: HeapTest.TwoElementPush_LowPriFirst
Command: "/usr/bin/valgrind" "--tool=memcheck" "--leak-check=yes" "--trace-children=no" "--error-exitcode=113" "/home/codio/workspace/hw3/hw3_tests/heap_tests/heap_tests" "--gtest_filter=HeapTest.TwoElementPush_LowPriFirst"
Directory: /home/codio/workspace/hw3/hw3_tests/heap_tests
"HeapTest.TwoElementPush_LowPriFirst" start time: Mar 10 00:43 UTC
Output:
----------------------------------------------------------
==1042== Memcheck, a memory error detector
==1042== Copyright (C) 2002-2017, and GNU GPL'd, by Julian Seward et al.
==1042== Using Valgrind-3.13.0 and LibVEX; rerun with -h for copyright info
==1042== Command: /home/codio/workspace/hw3/hw3_tests/heap_tests/heap_tests --gtest_filter=HeapTest.TwoElementPush_LowPriFirst
==1042== 
Running main() from /home/codio/googletest/googletest/src/gtest_main.cc
Note: Google Test filter = HeapTest.TwoElementPush_LowPriFirst
[==========] Running 1 test from 1 test suite.
[----------] Global test environment set-up.
[----------] 1 test from HeapTest
[ RUN      ] HeapTest.TwoElementPush_LowPriFirst
[       OK ] HeapTest.TwoElementPush_LowPriFirst (37 ms)
[----------] 1 test from HeapTest (47 ms total)

[----------] Global test environment tear-down
[==========] 1 test from 1 test suite ran. (110 ms total)
[  PASSED  ] 1 test.
==1042== 
==1042== HEAP SUMMARY:
==1042==     in use at exit: 0 bytes in 0 blocks
==1042==   total heap usage: 470 allocs, 470 frees, 135,844 bytes allocated
==1042== 
==1042== All heap blocks were freed -- no leaks are possible
==1042== 
==1042== For counts of detected and suppressed errors, rerun with: -v
==1042== ERROR SUMMARY: 0 errors from 0 contexts (suppressed: 0 from 0)
<end of output>
Test time =   1.93 sec
----------------------------------------------------------
Test Passed.
"HeapTest.TwoElementPush_LowPriFirst" end time: Mar 10 00:43 UTC
"HeapTest.TwoElementPush_LowPriFirst" time elapsed: 00:00:01
----------------------------------------------------------

34/50 Testing: HeapTest.TwoElementPush_HighPriFirst
34/50 Test: HeapTest.TwoElementPush_HighPriFirst
Command: "/usr/bin/valgrind" "--tool=memcheck" "--leak-check=yes" "--trace-children=no" "--error-exitcode=113" "/home/codio/workspace/hw3/hw3_tests/heap_tests/heap_tests" "--gtest_filter=HeapTest.TwoElementPush_HighPriFirst"
Directory: /home/codio/workspace/hw3/hw3_tests/heap_tests
"HeapTest.TwoElementPush_HighPriFirst" start time: Mar 10 00:43 UTC
Output:
----------------------------------------------------------
==1043== Memcheck, a memory error detector
==1043== Copyright (C) 2002-2017, and GNU GPL'd, by Julian Seward et al.
==1043== Using Valgrind-3.13.0 and LibVEX; rerun with -h for copyright info
==1043== Command: /home/codio/workspace/hw3/hw3_tests/heap_tests/heap_tests --gtest_filter=HeapTest.TwoElementPush_HighPriFirst
==1043== 
Running main() from /home/codio/googletest/googletest/src/gtest_main.cc
Note: Google Test filter = HeapTest.TwoElementPush_HighPriFirst
[==========] Running 1 test from 1 test suite.
[----------] Global test environment set-up.
[----------] 1 test from HeapTest
[ RUN      ] HeapTest.TwoElementPush_HighPriFirst
[       OK ] HeapTest.TwoElementPush_HighPriFirst (35 ms)
[----------] 1 test from HeapTest (45 ms total)

[----------] Global test environment tear-down
[==========] 1 test from 1 test suite ran. (107 ms total)
[  PASSED  ] 1 test.
==1043== 
==1043== HEAP SUMMARY:
==1043==     in use at exit: 0 bytes in 0 blocks
==1043==   total heap usage: 470 allocs, 470 frees, 135,857 bytes allocated
==1043== 
==1043== All heap blocks were freed -- no leaks are possible
==1043== 
==1043== For counts of detected and suppressed errors, rerun with: -v
==1043== ERROR SUMMARY: 0 errors from 0 contexts (suppressed: 0 from 0)
<end of output>
Test time =   1.76 sec
----------------------------------------------------------
Test Passed.
"HeapTest.TwoElementPush_HighPriFirst" end time: Mar 10 00:43 UTC
"HeapTest.TwoElementPush_HighPriFirst" time elapsed: 00:00:01
----------------------------------------------------------

35/50 Testing: HeapTest.Duplicates
35/50 Test: HeapTest.Duplicates
Command: "/usr/bin/valgrind" "--tool=memcheck" "--leak-check=yes" "--trace-children=no" "--error-exitcode=113" "/home/codio/workspace/hw3/hw3_tests/heap_tests/heap_tests" "--gtest_filter=HeapTest.Duplicates"
Directory: /home/codio/workspace/hw3/hw3_tests/heap_tests
"HeapTest.Duplicates" start time: Mar 10 00:43 UTC
Output:
----------------------------------------------------------
==1044== Memcheck, a memory error detector
==1044== Copyright (C) 2002-2017, and GNU GPL'd, by Julian Seward et al.
==1044== Using Valgrind-3.13.0 and LibVEX; rerun with -h for copyright info
==1044== Command: /home/codio/workspace/hw3/hw3_tests/heap_tests/heap_tests --gtest_filter=HeapTest.Duplicates
==1044== 
Running main() from /home/codio/googletest/googletest/src/gtest_main.cc
Note: Google Test filter = HeapTest.Duplicates
[==========] Running 1 test from 1 test suite.
[----------] Global test environment set-up.
[----------] 1 test from HeapTest
[ RUN      ] HeapTest.Duplicates
[       OK ] HeapTest.Duplicates (37 ms)
[----------] 1 test from HeapTest (49 ms total)

[----------] Global test environment tear-down
[==========] 1 test from 1 test suite ran. (109 ms total)
[  PASSED  ] 1 test.
==1044== 
==1044== HEAP SUMMARY:
==1044==     in use at exit: 0 bytes in 0 blocks
==1044==   total heap usage: 471 allocs, 471 frees, 135,685 bytes allocated
==1044== 
==1044== All heap blocks were freed -- no leaks are possible
==1044== 
==1044== For counts of detected and suppressed errors, rerun with: -v
==1044== ERROR SUMMARY: 0 errors from 0 contexts (suppressed: 0 from 0)
<end of output>
Test time =   1.88 sec
----------------------------------------------------------
Test Passed.
"HeapTest.Duplicates" end time: Mar 10 00:43 UTC
"HeapTest.Duplicates" time elapsed: 00:00:01
----------------------------------------------------------

36/50 Testing: HeapTest.NegativeElements
36/50 Test: HeapTest.NegativeElements
Command: "/usr/bin/valgrind" "--tool=memcheck" "--leak-check=yes" "--trace-children=no" "--error-exitcode=113" "/home/codio/workspace/hw3/hw3_tests/heap_tests/heap_tests" "--gtest_filter=HeapTest.NegativeElements"
Directory: /home/codio/workspace/hw3/hw3_tests/heap_tests
"HeapTest.NegativeElements" start time: Mar 10 00:43 UTC
Output:
----------------------------------------------------------
==1045== Memcheck, a memory error detector
==1045== Copyright (C) 2002-2017, and GNU GPL'd, by Julian Seward et al.
==1045== Using Valgrind-3.13.0 and LibVEX; rerun with -h for copyright info
==1045== Command: /home/codio/workspace/hw3/hw3_tests/heap_tests/heap_tests --gtest_filter=HeapTest.NegativeElements
==1045== 
Running main() from /home/codio/googletest/googletest/src/gtest_main.cc
Note: Google Test filter = HeapTest.NegativeElements
[==========] Running 1 test from 1 test suite.
[----------] Global test environment set-up.
[----------] 1 test from HeapTest
[ RUN      ] HeapTest.NegativeElements
[       OK ] HeapTest.NegativeElements (38 ms)
[----------] 1 test from HeapTest (50 ms total)

[----------] Global test environment tear-down
[==========] 1 test from 1 test suite ran. (115 ms total)
[  PASSED  ] 1 test.
==1045== 
==1045== HEAP SUMMARY:
==1045==     in use at exit: 0 bytes in 0 blocks
==1045==   total heap usage: 470 allocs, 470 frees, 135,729 bytes allocated
==1045== 
==1045== All heap blocks were freed -- no leaks are possible
==1045== 
==1045== For counts of detected and suppressed errors, rerun with: -v
==1045== ERROR SUMMARY: 0 errors from 0 contexts (suppressed: 0 from 0)
<end of output>
Test time =   1.72 sec
----------------------------------------------------------
Test Passed.
"HeapTest.NegativeElements" end time: Mar 10 00:43 UTC
"HeapTest.NegativeElements" time elapsed: 00:00:01
----------------------------------------------------------

37/50 Testing: HeapTest.ThreeElementPush_0_5_10
37/50 Test: HeapTest.ThreeElementPush_0_5_10
Command: "/usr/bin/valgrind" "--tool=memcheck" "--leak-check=yes" "--trace-children=no" "--error-exitcode=113" "/home/codio/workspace/hw3/hw3_tests/heap_tests/heap_tests" "--gtest_filter=HeapTest.ThreeElementPush_0_5_10"
Directory: /home/codio/workspace/hw3/hw3_tests/heap_tests
"HeapTest.ThreeElementPush_0_5_10" start time: Mar 10 00:43 UTC
Output:
----------------------------------------------------------
==1046== Memcheck, a memory error detector
==1046== Copyright (C) 2002-2017, and GNU GPL'd, by Julian Seward et al.
==1046== Using Valgrind-3.13.0 and LibVEX; rerun with -h for copyright info
==1046== Command: /home/codio/workspace/hw3/hw3_tests/heap_tests/heap_tests --gtest_filter=HeapTest.ThreeElementPush_0_5_10
==1046== 
Running main() from /home/codio/googletest/googletest/src/gtest_main.cc
Note: Google Test filter = HeapTest.ThreeElementPush_0_5_10
[==========] Running 1 test from 1 test suite.
[----------] Global test environment set-up.
[----------] 1 test from HeapTest
[ RUN      ] HeapTest.ThreeElementPush_0_5_10
[       OK ] HeapTest.ThreeElementPush_0_5_10 (43 ms)
[----------] 1 test from HeapTest (55 ms total)

[----------] Global test environment tear-down
[==========] 1 test from 1 test suite ran. (116 ms total)
[  PASSED  ] 1 test.
==1046== 
==1046== HEAP SUMMARY:
==1046==     in use at exit: 0 bytes in 0 blocks
==1046==   total heap usage: 471 allocs, 471 frees, 135,821 bytes allocated
==1046== 
==1046== All heap blocks were freed -- no leaks are possible
==1046== 
==1046== For counts of detected and suppressed errors, rerun with: -v
==1046== ERROR SUMMARY: 0 errors from 0 contexts (suppressed: 0 from 0)
<end of output>
Test time =   1.88 sec
----------------------------------------------------------
Test Passed.
"HeapTest.ThreeElementPush_0_5_10" end time: Mar 10 00:43 UTC
"HeapTest.ThreeElementPush_0_5_10" time elapsed: 00:00:01
----------------------------------------------------------

38/50 Testing: HeapTest.ThreeElementPush_0_10_5
38/50 Test: HeapTest.ThreeElementPush_0_10_5
Command: "/usr/bin/valgrind" "--tool=memcheck" "--leak-check=yes" "--trace-children=no" "--error-exitcode=113" "/home/codio/workspace/hw3/hw3_tests/heap_tests/heap_tests" "--gtest_filter=HeapTest.ThreeElementPush_0_10_5"
Directory: /home/codio/workspace/hw3/hw3_tests/heap_tests
"HeapTest.ThreeElementPush_0_10_5" start time: Mar 10 00:43 UTC
Output:
----------------------------------------------------------
==1047== Memcheck, a memory error detector
==1047== Copyright (C) 2002-2017, and GNU GPL'd, by Julian Seward et al.
==1047== Using Valgrind-3.13.0 and LibVEX; rerun with -h for copyright info
==1047== Command: /home/codio/workspace/hw3/hw3_tests/heap_tests/heap_tests --gtest_filter=HeapTest.ThreeElementPush_0_10_5
==1047== 
Running main() from /home/codio/googletest/googletest/src/gtest_main.cc
Note: Google Test filter = HeapTest.ThreeElementPush_0_10_5
[==========] Running 1 test from 1 test suite.
[----------] Global test environment set-up.
[----------] 1 test from HeapTest
[ RUN      ] HeapTest.ThreeElementPush_0_10_5
[       OK ] HeapTest.ThreeElementPush_0_10_5 (40 ms)
[----------] 1 test from HeapTest (50 ms total)

[----------] Global test environment tear-down
[==========] 1 test from 1 test suite ran. (112 ms total)
[  PASSED  ] 1 test.
==1047== 
==1047== HEAP SUMMARY:
==1047==     in use at exit: 0 bytes in 0 blocks
==1047==   total heap usage: 471 allocs, 471 frees, 135,821 bytes allocated
==1047== 
==1047== All heap blocks were freed -- no leaks are possible
==1047== 
==1047== For counts of detected and suppressed errors, rerun with: -v
==1047== ERROR SUMMARY: 0 errors from 0 contexts (suppressed: 0 from 0)
<end of output>
Test time =   1.87 sec
----------------------------------------------------------
Test Passed.
"HeapTest.ThreeElementPush_0_10_5" end time: Mar 10 00:43 UTC
"HeapTest.ThreeElementPush_0_10_5" time elapsed: 00:00:01
----------------------------------------------------------

39/50 Testing: HeapTest.ThreeElementPush_5_0_10
39/50 Test: HeapTest.ThreeElementPush_5_0_10
Command: "/usr/bin/valgrind" "--tool=memcheck" "--leak-check=yes" "--trace-children=no" "--error-exitcode=113" "/home/codio/workspace/hw3/hw3_tests/heap_tests/heap_tests" "--gtest_filter=HeapTest.ThreeElementPush_5_0_10"
Directory: /home/codio/workspace/hw3/hw3_tests/heap_tests
"HeapTest.ThreeElementPush_5_0_10" start time: Mar 10 00:43 UTC
Output:
----------------------------------------------------------
==1048== Memcheck, a memory error detector
==1048== Copyright (C) 2002-2017, and GNU GPL'd, by Julian Seward et al.
==1048== Using Valgrind-3.13.0 and LibVEX; rerun with -h for copyright info
==1048== Command: /home/codio/workspace/hw3/hw3_tests/heap_tests/heap_tests --gtest_filter=HeapTest.ThreeElementPush_5_0_10
==1048== 
Running main() from /home/codio/googletest/googletest/src/gtest_main.cc
Note: Google Test filter = HeapTest.ThreeElementPush_5_0_10
[==========] Running 1 test from 1 test suite.
[----------] Global test environment set-up.
[----------] 1 test from HeapTest
[ RUN      ] HeapTest.ThreeElementPush_5_0_10
[       OK ] HeapTest.ThreeElementPush_5_0_10 (44 ms)
[----------] 1 test from HeapTest (57 ms total)

[----------] Global test environment tear-down
[==========] 1 test from 1 test suite ran. (119 ms total)
[  PASSED  ] 1 test.
==1048== 
==1048== HEAP SUMMARY:
==1048==     in use at exit: 0 bytes in 0 blocks
==1048==   total heap usage: 471 allocs, 471 frees, 135,821 bytes allocated
==1048== 
==1048== All heap blocks were freed -- no leaks are possible
==1048== 
==1048== For counts of detected and suppressed errors, rerun with: -v
==1048== ERROR SUMMARY: 0 errors from 0 contexts (suppressed: 0 from 0)
<end of output>
Test time =   1.90 sec
----------------------------------------------------------
Test Passed.
"HeapTest.ThreeElementPush_5_0_10" end time: Mar 10 00:43 UTC
"HeapTest.ThreeElementPush_5_0_10" time elapsed: 00:00:01
----------------------------------------------------------

40/50 Testing: HeapTest.ThreeElementPush_5_10_0
40/50 Test: HeapTest.ThreeElementPush_5_10_0
Command: "/usr/bin/valgrind" "--tool=memcheck" "--leak-check=yes" "--trace-children=no" "--error-exitcode=113" "/home/codio/workspace/hw3/hw3_tests/heap_tests/heap_tests" "--gtest_filter=HeapTest.ThreeElementPush_5_10_0"
Directory: /home/codio/workspace/hw3/hw3_tests/heap_tests
"HeapTest.ThreeElementPush_5_10_0" start time: Mar 10 00:43 UTC
Output:
----------------------------------------------------------
==1049== Memcheck, a memory error detector
==1049== Copyright (C) 2002-2017, and GNU GPL'd, by Julian Seward et al.
==1049== Using Valgrind-3.13.0 and LibVEX; rerun with -h for copyright info
==1049== Command: /home/codio/workspace/hw3/hw3_tests/heap_tests/heap_tests --gtest_filter=HeapTest.ThreeElementPush_5_10_0
==1049== 
Running main() from /home/codio/googletest/googletest/src/gtest_main.cc
Note: Google Test filter = HeapTest.ThreeElementPush_5_10_0
[==========] Running 1 test from 1 test suite.
[----------] Global test environment set-up.
[----------] 1 test from HeapTest
[ RUN      ] HeapTest.ThreeElementPush_5_10_0
[       OK ] HeapTest.ThreeElementPush_5_10_0 (40 ms)
[----------] 1 test from HeapTest (51 ms total)

[----------] Global test environment tear-down
[==========] 1 test from 1 test suite ran. (113 ms total)
[  PASSED  ] 1 test.
==1049== 
==1049== HEAP SUMMARY:
==1049==     in use at exit: 0 bytes in 0 blocks
==1049==   total heap usage: 471 allocs, 471 frees, 135,821 bytes allocated
==1049== 
==1049== All heap blocks were freed -- no leaks are possible
==1049== 
==1049== For counts of detected and suppressed errors, rerun with: -v
==1049== ERROR SUMMARY: 0 errors from 0 contexts (suppressed: 0 from 0)
<end of output>
Test time =   1.74 sec
----------------------------------------------------------
Test Passed.
"HeapTest.ThreeElementPush_5_10_0" end time: Mar 10 00:43 UTC
"HeapTest.ThreeElementPush_5_10_0" time elapsed: 00:00:01
----------------------------------------------------------

41/50 Testing: HeapTest.ThreeElementPush_10_0_5
41/50 Test: HeapTest.ThreeElementPush_10_0_5
Command: "/usr/bin/valgrind" "--tool=memcheck" "--leak-check=yes" "--trace-children=no" "--error-exitcode=113" "/home/codio/workspace/hw3/hw3_tests/heap_tests/heap_tests" "--gtest_filter=HeapTest.ThreeElementPush_10_0_5"
Directory: /home/codio/workspace/hw3/hw3_tests/heap_tests
"HeapTest.ThreeElementPush_10_0_5" start time: Mar 10 00:43 UTC
Output:
----------------------------------------------------------
==1050== Memcheck, a memory error detector
==1050== Copyright (C) 2002-2017, and GNU GPL'd, by Julian Seward et al.
==1050== Using Valgrind-3.13.0 and LibVEX; rerun with -h for copyright info
==1050== Command: /home/codio/workspace/hw3/hw3_tests/heap_tests/heap_tests --gtest_filter=HeapTest.ThreeElementPush_10_0_5
==1050== 
Running main() from /home/codio/googletest/googletest/src/gtest_main.cc
Note: Google Test filter = HeapTest.ThreeElementPush_10_0_5
[==========] Running 1 test from 1 test suite.
[----------] Global test environment set-up.
[----------] 1 test from HeapTest
[ RUN      ] HeapTest.ThreeElementPush_10_0_5
[       OK ] HeapTest.ThreeElementPush_10_0_5 (37 ms)
[----------] 1 test from HeapTest (48 ms total)

[----------] Global test environment tear-down
[==========] 1 test from 1 test suite ran. (109 ms total)
[  PASSED  ] 1 test.
==1050== 
==1050== HEAP SUMMARY:
==1050==     in use at exit: 0 bytes in 0 blocks
==1050==   total heap usage: 471 allocs, 471 frees, 135,821 bytes allocated
==1050== 
==1050== All heap blocks were freed -- no leaks are possible
==1050== 
==1050== For counts of detected and suppressed errors, rerun with: -v
==1050== ERROR SUMMARY: 0 errors from 0 contexts (suppressed: 0 from 0)
<end of output>
Test time =   1.81 sec
----------------------------------------------------------
Test Passed.
"HeapTest.ThreeElementPush_10_0_5" end time: Mar 10 00:43 UTC
"HeapTest.ThreeElementPush_10_0_5" time elapsed: 00:00:01
----------------------------------------------------------

42/50 Testing: HeapTest.ThreeElementPush_10_5_0
42/50 Test: HeapTest.ThreeElementPush_10_5_0
Command: "/usr/bin/valgrind" "--tool=memcheck" "--leak-check=yes" "--trace-children=no" "--error-exitcode=113" "/home/codio/workspace/hw3/hw3_tests/heap_tests/heap_tests" "--gtest_filter=HeapTest.ThreeElementPush_10_5_0"
Directory: /home/codio/workspace/hw3/hw3_tests/heap_tests
"HeapTest.ThreeElementPush_10_5_0" start time: Mar 10 00:43 UTC
Output:
----------------------------------------------------------
==1051== Memcheck, a memory error detector
==1051== Copyright (C) 2002-2017, and GNU GPL'd, by Julian Seward et al.
==1051== Using Valgrind-3.13.0 and LibVEX; rerun with -h for copyright info
==1051== Command: /home/codio/workspace/hw3/hw3_tests/heap_tests/heap_tests --gtest_filter=HeapTest.ThreeElementPush_10_5_0
==1051== 
Running main() from /home/codio/googletest/googletest/src/gtest_main.cc
Note: Google Test filter = HeapTest.ThreeElementPush_10_5_0
[==========] Running 1 test from 1 test suite.
[----------] Global test environment set-up.
[----------] 1 test from HeapTest
[ RUN      ] HeapTest.ThreeElementPush_10_5_0
[       OK ] HeapTest.ThreeElementPush_10_5_0 (46 ms)
[----------] 1 test from HeapTest (56 ms total)

[----------] Global test environment tear-down
[==========] 1 test from 1 test suite ran. (129 ms total)
[  PASSED  ] 1 test.
==1051== 
==1051== HEAP SUMMARY:
==1051==     in use at exit: 0 bytes in 0 blocks
==1051==   total heap usage: 471 allocs, 471 frees, 135,821 bytes allocated
==1051== 
==1051== All heap blocks were freed -- no leaks are possible
==1051== 
==1051== For counts of detected and suppressed errors, rerun with: -v
==1051== ERROR SUMMARY: 0 errors from 0 contexts (suppressed: 0 from 0)
<end of output>
Test time =   1.82 sec
----------------------------------------------------------
Test Passed.
"HeapTest.ThreeElementPush_10_5_0" end time: Mar 10 00:43 UTC
"HeapTest.ThreeElementPush_10_5_0" time elapsed: 00:00:01
----------------------------------------------------------

43/50 Testing: HeapTest.GreaterComparator
43/50 Test: HeapTest.GreaterComparator
Command: "/usr/bin/valgrind" "--tool=memcheck" "--leak-check=yes" "--trace-children=no" "--error-exitcode=113" "/home/codio/workspace/hw3/hw3_tests/heap_tests/heap_tests" "--gtest_filter=HeapTest.GreaterComparator"
Directory: /home/codio/workspace/hw3/hw3_tests/heap_tests
"HeapTest.GreaterComparator" start time: Mar 10 00:43 UTC
Output:
----------------------------------------------------------
==1052== Memcheck, a memory error detector
==1052== Copyright (C) 2002-2017, and GNU GPL'd, by Julian Seward et al.
==1052== Using Valgrind-3.13.0 and LibVEX; rerun with -h for copyright info
==1052== Command: /home/codio/workspace/hw3/hw3_tests/heap_tests/heap_tests --gtest_filter=HeapTest.GreaterComparator
==1052== 
Running main() from /home/codio/googletest/googletest/src/gtest_main.cc
Note: Google Test filter = HeapTest.GreaterComparator
[==========] Running 1 test from 1 test suite.
[----------] Global test environment set-up.
[----------] 1 test from HeapTest
[ RUN      ] HeapTest.GreaterComparator
[       OK ] HeapTest.GreaterComparator (49 ms)
[----------] 1 test from HeapTest (62 ms total)

[----------] Global test environment tear-down
[==========] 1 test from 1 test suite ran. (127 ms total)
[  PASSED  ] 1 test.
==1052== 
==1052== HEAP SUMMARY:
==1052==     in use at exit: 0 bytes in 0 blocks
==1052==   total heap usage: 471 allocs, 471 frees, 135,755 bytes allocated
==1052== 
==1052== All heap blocks were freed -- no leaks are possible
==1052== 
==1052== For counts of detected and suppressed errors, rerun with: -v
==1052== ERROR SUMMARY: 0 errors from 0 contexts (suppressed: 0 from 0)
<end of output>
Test time =   2.00 sec
----------------------------------------------------------
Test Passed.
"HeapTest.GreaterComparator" end time: Mar 10 00:43 UTC
"HeapTest.GreaterComparator" time elapsed: 00:00:02
----------------------------------------------------------

44/50 Testing: HeapTest.StringStorage
44/50 Test: HeapTest.StringStorage
Command: "/usr/bin/valgrind" "--tool=memcheck" "--leak-check=yes" "--trace-children=no" "--error-exitcode=113" "/home/codio/workspace/hw3/hw3_tests/heap_tests/heap_tests" "--gtest_filter=HeapTest.StringStorage"
Directory: /home/codio/workspace/hw3/hw3_tests/heap_tests
"HeapTest.StringStorage" start time: Mar 10 00:43 UTC
Output:
----------------------------------------------------------
==1053== Memcheck, a memory error detector
==1053== Copyright (C) 2002-2017, and GNU GPL'd, by Julian Seward et al.
==1053== Using Valgrind-3.13.0 and LibVEX; rerun with -h for copyright info
==1053== Command: /home/codio/workspace/hw3/hw3_tests/heap_tests/heap_tests --gtest_filter=HeapTest.StringStorage
==1053== 
Running main() from /home/codio/googletest/googletest/src/gtest_main.cc
Note: Google Test filter = HeapTest.StringStorage
[==========] Running 1 test from 1 test suite.
[----------] Global test environment set-up.
[----------] 1 test from HeapTest
[ RUN      ] HeapTest.StringStorage
[       OK ] HeapTest.StringStorage (46 ms)
[----------] 1 test from HeapTest (58 ms total)

[----------] Global test environment tear-down
[==========] 1 test from 1 test suite ran. (121 ms total)
[  PASSED  ] 1 test.
==1053== 
==1053== HEAP SUMMARY:
==1053==     in use at exit: 0 bytes in 0 blocks
==1053==   total heap usage: 471 allocs, 471 frees, 135,911 bytes allocated
==1053== 
==1053== All heap blocks were freed -- no leaks are possible
==1053== 
==1053== For counts of detected and suppressed errors, rerun with: -v
==1053== ERROR SUMMARY: 0 errors from 0 contexts (suppressed: 0 from 0)
<end of output>
Test time =   1.94 sec
----------------------------------------------------------
Test Passed.
"HeapTest.StringStorage" end time: Mar 10 00:43 UTC
"HeapTest.StringStorage" time elapsed: 00:00:01
----------------------------------------------------------

45/50 Testing: HeapTest.FiveElementPush_TrinaryHeap
45/50 Test: HeapTest.FiveElementPush_TrinaryHeap
Command: "/usr/bin/valgrind" "--tool=memcheck" "--leak-check=yes" "--trace-children=no" "--error-exitcode=113" "/home/codio/workspace/hw3/hw3_tests/heap_tests/heap_tests" "--gtest_filter=HeapTest.FiveElementPush_TrinaryHeap"
Directory: /home/codio/workspace/hw3/hw3_tests/heap_tests
"HeapTest.FiveElementPush_TrinaryHeap" start time: Mar 10 00:43 UTC
Output:
----------------------------------------------------------
==1054== Memcheck, a memory error detector
==1054== Copyright (C) 2002-2017, and GNU GPL'd, by Julian Seward et al.
==1054== Using Valgrind-3.13.0 and LibVEX; rerun with -h for copyright info
==1054== Command: /home/codio/workspace/hw3/hw3_tests/heap_tests/heap_tests --gtest_filter=HeapTest.FiveElementPush_TrinaryHeap
==1054== 
Running main() from /home/codio/googletest/googletest/src/gtest_main.cc
Note: Google Test filter = HeapTest.FiveElementPush_TrinaryHeap
[==========] Running 1 test from 1 test suite.
[----------] Global test environment set-up.
[----------] 1 test from HeapTest
[ RUN      ] HeapTest.FiveElementPush_TrinaryHeap
[       OK ] HeapTest.FiveElementPush_TrinaryHeap (44 ms)
[----------] 1 test from HeapTest (56 ms total)

[----------] Global test environment tear-down
[==========] 1 test from 1 test suite ran. (116 ms total)
[  PASSED  ] 1 test.
==1054== 
==1054== HEAP SUMMARY:
==1054==     in use at exit: 0 bytes in 0 blocks
==1054==   total heap usage: 472 allocs, 472 frees, 135,905 bytes allocated
==1054== 
==1054== All heap blocks were freed -- no leaks are possible
==1054== 
==1054== For counts of detected and suppressed errors, rerun with: -v
==1054== ERROR SUMMARY: 0 errors from 0 contexts (suppressed: 0 from 0)
<end of output>
Test time =   1.88 sec
----------------------------------------------------------
Test Passed.
"HeapTest.FiveElementPush_TrinaryHeap" end time: Mar 10 00:43 UTC
"HeapTest.FiveElementPush_TrinaryHeap" time elapsed: 00:00:01
----------------------------------------------------------

46/50 Testing: HeapTest.SixElementPush_QuaternaryHeap
46/50 Test: HeapTest.SixElementPush_QuaternaryHeap
Command: "/usr/bin/valgrind" "--tool=memcheck" "--leak-check=yes" "--trace-children=no" "--error-exitcode=113" "/home/codio/workspace/hw3/hw3_tests/heap_tests/heap_tests" "--gtest_filter=HeapTest.SixElementPush_QuaternaryHeap"
Directory: /home/codio/workspace/hw3/hw3_tests/heap_tests
"HeapTest.SixElementPush_QuaternaryHeap" start time: Mar 10 00:43 UTC
Output:
----------------------------------------------------------
==1055== Memcheck, a memory error detector
==1055== Copyright (C) 2002-2017, and GNU GPL'd, by Julian Seward et al.
==1055== Using Valgrind-3.13.0 and LibVEX; rerun with -h for copyright info
==1055== Command: /home/codio/workspace/hw3/hw3_tests/heap_tests/heap_tests --gtest_filter=HeapTest.SixElementPush_QuaternaryHeap
==1055== 
Running main() from /home/codio/googletest/googletest/src/gtest_main.cc
Note: Google Test filter = HeapTest.SixElementPush_QuaternaryHeap
[==========] Running 1 test from 1 test suite.
[----------] Global test environment set-up.
[----------] 1 test from HeapTest
[ RUN      ] HeapTest.SixElementPush_QuaternaryHeap
[       OK ] HeapTest.SixElementPush_QuaternaryHeap (43 ms)
[----------] 1 test from HeapTest (55 ms total)

[----------] Global test environment tear-down
[==========] 1 test from 1 test suite ran. (115 ms total)
[  PASSED  ] 1 test.
==1055== 
==1055== HEAP SUMMARY:
==1055==     in use at exit: 0 bytes in 0 blocks
==1055==   total heap usage: 472 allocs, 472 frees, 135,931 bytes allocated
==1055== 
==1055== All heap blocks were freed -- no leaks are possible
==1055== 
==1055== For counts of detected and suppressed errors, rerun with: -v
==1055== ERROR SUMMARY: 0 errors from 0 contexts (suppressed: 0 from 0)
<end of output>
Test time =   1.75 sec
----------------------------------------------------------
Test Passed.
"HeapTest.SixElementPush_QuaternaryHeap" end time: Mar 10 00:43 UTC
"HeapTest.SixElementPush_QuaternaryHeap" time elapsed: 00:00:01
----------------------------------------------------------

47/50 Testing: HeapStress.50x50RandomElements_BinaryHeap
47/50 Test: HeapStress.50x50RandomElements_BinaryHeap
Command: "/usr/bin/valgrind" "--tool=memcheck" "--leak-check=yes" "--trace-children=no" "--error-exitcode=113" "/home/codio/workspace/hw3/hw3_tests/heap_tests/heap_tests" "--gtest_filter=HeapStress.50x50RandomElements_BinaryHeap"
Directory: /home/codio/workspace/hw3/hw3_tests/heap_tests
"HeapStress.50x50RandomElements_BinaryHeap" start time: Mar 10 00:43 UTC
Output:
----------------------------------------------------------
==1056== Memcheck, a memory error detector
==1056== Copyright (C) 2002-2017, and GNU GPL'd, by Julian Seward et al.
==1056== Using Valgrind-3.13.0 and LibVEX; rerun with -h for copyright info
==1056== Command: /home/codio/workspace/hw3/hw3_tests/heap_tests/heap_tests --gtest_filter=HeapStress.50x50RandomElements_BinaryHeap
==1056== 
Running main() from /home/codio/googletest/googletest/src/gtest_main.cc
Note: Google Test filter = HeapStress.50x50RandomElements_BinaryHeap
[==========] Running 1 test from 1 test suite.
[----------] Global test environment set-up.
[----------] 1 test from HeapStress
[ RUN      ] HeapStress.50x50RandomElements_BinaryHeap
[       OK ] HeapStress.50x50RandomElements_BinaryHeap (273 ms)
[----------] 1 test from HeapStress (285 ms total)

[----------] Global test environment tear-down
[==========] 1 test from 1 test suite ran. (352 ms total)
[  PASSED  ] 1 test.
==1056== 
==1056== HEAP SUMMARY:
==1056==     in use at exit: 0 bytes in 0 blocks
==1056==   total heap usage: 969 allocs, 969 frees, 183,502 bytes allocated
==1056== 
==1056== All heap blocks were freed -- no leaks are possible
==1056== 
==1056== For counts of detected and suppressed errors, rerun with: -v
==1056== ERROR SUMMARY: 0 errors from 0 contexts (suppressed: 0 from 0)
<end of output>
Test time =   2.17 sec
----------------------------------------------------------
Test Passed.
"HeapStress.50x50RandomElements_BinaryHeap" end time: Mar 10 00:43 UTC
"HeapStress.50x50RandomElements_BinaryHeap" time elapsed: 00:00:02
----------------------------------------------------------

48/50 Testing: HeapStress.50x50RandomElements_QuaternaryHeap
48/50 Test: HeapStress.50x50RandomElements_QuaternaryHeap
Command: "/usr/bin/valgrind" "--tool=memcheck" "--leak-check=yes" "--trace-children=no" "--error-exitcode=113" "/home/codio/workspace/hw3/hw3_tests/heap_tests/heap_tests" "--gtest_filter=HeapStress.50x50RandomElements_QuaternaryHeap"
Directory: /home/codio/workspace/hw3/hw3_tests/heap_tests
"HeapStress.50x50RandomElements_QuaternaryHeap" start time: Mar 10 00:43 UTC
Output:
----------------------------------------------------------
==1057== Memcheck, a memory error detector
==1057== Copyright (C) 2002-2017, and GNU GPL'd, by Julian Seward et al.
==1057== Using Valgrind-3.13.0 and LibVEX; rerun with -h for copyright info
==1057== Command: /home/codio/workspace/hw3/hw3_tests/heap_tests/heap_tests --gtest_filter=HeapStress.50x50RandomElements_QuaternaryHeap
==1057== 
Running main() from /home/codio/googletest/googletest/src/gtest_main.cc
Note: Google Test filter = HeapStress.50x50RandomElements_QuaternaryHeap
[==========] Running 1 test from 1 test suite.
[----------] Global test environment set-up.
[----------] 1 test from HeapStress
[ RUN      ] HeapStress.50x50RandomElements_QuaternaryHeap
[       OK ] HeapStress.50x50RandomElements_QuaternaryHeap (263 ms)
[----------] 1 test from HeapStress (274 ms total)

[----------] Global test environment tear-down
[==========] 1 test from 1 test suite ran. (335 ms total)
[  PASSED  ] 1 test.
==1057== 
==1057== HEAP SUMMARY:
==1057==     in use at exit: 0 bytes in 0 blocks
==1057==   total heap usage: 969 allocs, 969 frees, 183,554 bytes allocated
==1057== 
==1057== All heap blocks were freed -- no leaks are possible
==1057== 
==1057== For counts of detected and suppressed errors, rerun with: -v
==1057== ERROR SUMMARY: 0 errors from 0 contexts (suppressed: 0 from 0)
<end of output>
Test time =   2.12 sec
----------------------------------------------------------
Test Passed.
"HeapStress.50x50RandomElements_QuaternaryHeap" end time: Mar 10 00:43 UTC
"HeapStress.50x50RandomElements_QuaternaryHeap" time elapsed: 00:00:02
----------------------------------------------------------

49/50 Testing: HeapStress.50x50RandomElements_DodecenaryHeap
49/50 Test: HeapStress.50x50RandomElements_DodecenaryHeap
Command: "/usr/bin/valgrind" "--tool=memcheck" "--leak-check=yes" "--trace-children=no" "--error-exitcode=113" "/home/codio/workspace/hw3/hw3_tests/heap_tests/heap_tests" "--gtest_filter=HeapStress.50x50RandomElements_DodecenaryHeap"
Directory: /home/codio/workspace/hw3/hw3_tests/heap_tests
"HeapStress.50x50RandomElements_DodecenaryHeap" start time: Mar 10 00:43 UTC
Output:
----------------------------------------------------------
==1058== Memcheck, a memory error detector
==1058== Copyright (C) 2002-2017, and GNU GPL'd, by Julian Seward et al.
==1058== Using Valgrind-3.13.0 and LibVEX; rerun with -h for copyright info
==1058== Command: /home/codio/workspace/hw3/hw3_tests/heap_tests/heap_tests --gtest_filter=HeapStress.50x50RandomElements_DodecenaryHeap
==1058== 
Running main() from /home/codio/googletest/googletest/src/gtest_main.cc
Note: Google Test filter = HeapStress.50x50RandomElements_DodecenaryHeap
[==========] Running 1 test from 1 test suite.
[----------] Global test environment set-up.
[----------] 1 test from HeapStress
[ RUN      ] HeapStress.50x50RandomElements_DodecenaryHeap
[       OK ] HeapStress.50x50RandomElements_DodecenaryHeap (285 ms)
[----------] 1 test from HeapStress (297 ms total)

[----------] Global test environment tear-down
[==========] 1 test from 1 test suite ran. (364 ms total)
[  PASSED  ] 1 test.
==1058== 
==1058== HEAP SUMMARY:
==1058==     in use at exit: 0 bytes in 0 blocks
==1058==   total heap usage: 969 allocs, 969 frees, 183,554 bytes allocated
==1058== 
==1058== All heap blocks were freed -- no leaks are possible
==1058== 
==1058== For counts of detected and suppressed errors, rerun with: -v
==1058== ERROR SUMMARY: 0 errors from 0 contexts (suppressed: 0 from 0)
<end of output>
Test time =   2.18 sec
----------------------------------------------------------
Test Passed.
"HeapStress.50x50RandomElements_DodecenaryHeap" end time: Mar 10 00:43 UTC
"HeapStress.50x50RandomElements_DodecenaryHeap" time elapsed: 00:00:02
----------------------------------------------------------

50/50 Testing: HeapStress.2x2000RandomElements_Binary
50/50 Test: HeapStress.2x2000RandomElements_Binary
Command: "/usr/bin/valgrind" "--tool=memcheck" "--leak-check=yes" "--trace-children=no" "--error-exitcode=113" "/home/codio/workspace/hw3/hw3_tests/heap_tests/heap_tests" "--gtest_filter=HeapStress.2x2000RandomElements_Binary"
Directory: /home/codio/workspace/hw3/hw3_tests/heap_tests
"HeapStress.2x2000RandomElements_Binary" start time: Mar 10 00:43 UTC
Output:
----------------------------------------------------------
==1059== Memcheck, a memory error detector
==1059== Copyright (C) 2002-2017, and GNU GPL'd, by Julian Seward et al.
==1059== Using Valgrind-3.13.0 and LibVEX; rerun with -h for copyright info
==1059== Command: /home/codio/workspace/hw3/hw3_tests/heap_tests/heap_tests --gtest_filter=HeapStress.2x2000RandomElements_Binary
==1059== 
Running main() from /home/codio/googletest/googletest/src/gtest_main.cc
Note: Google Test filter = HeapStress.2x2000RandomElements_Binary
[==========] Running 1 test from 1 test suite.
[----------] Global test environment set-up.
[----------] 1 test from HeapStress
[ RUN      ] HeapStress.2x2000RandomElements_Binary
[       OK ] HeapStress.2x2000RandomElements_Binary (297 ms)
[----------] 1 test from HeapStress (307 ms total)

[----------] Global test environment tear-down
[==========] 1 test from 1 test suite ran. (369 ms total)
[  PASSED  ] 1 test.
==1059== 
==1059== HEAP SUMMARY:
==1059==     in use at exit: 0 bytes in 0 blocks
==1059==   total heap usage: 499 allocs, 499 frees, 200,711 bytes allocated
==1059== 
==1059== All heap blocks were freed -- no leaks are possible
==1059== 
==1059== For counts of detected and suppressed errors, rerun with: -v
==1059== ERROR SUMMARY: 0 errors from 0 contexts (suppressed: 0 from 0)
<end of output>
Test time =   2.15 sec
----------------------------------------------------------
Test Passed.
"HeapStress.2x2000RandomElements_Binary" end time: Mar 10 00:43 UTC
"HeapStress.2x2000RandomElements_Binary" time elapsed: 00:00:02
----------------------------------------------------------

End testing: Mar 10 00:43 UTC
